{"numTotalTestSuites":235,"numPassedTestSuites":226,"numFailedTestSuites":9,"numPendingTestSuites":0,"numTotalTests":735,"numPassedTests":715,"numFailedTests":20,"numPendingTests":0,"numTodoTests":0,"snapshot":{"added":0,"failure":false,"filesAdded":0,"filesRemoved":0,"filesRemovedList":[],"filesUnmatched":0,"filesUpdated":0,"matched":0,"total":0,"unchecked":0,"uncheckedKeysByFile":[],"unmatched":0,"updated":0,"didUpdate":false},"startTime":1773814016523,"success":false,"testResults":[{"assertionResults":[{"ancestorTitles":["AI Chat Manual - Intent Routing Validation"],"fullName":"AI Chat Manual - Intent Routing Validation should correctly route E-Commerce queries","status":"passed","title":"should correctly route E-Commerce queries","duration":27.458799999999883,"failureMessages":[],"meta":{}},{"ancestorTitles":["AI Chat Manual - Intent Routing Validation"],"fullName":"AI Chat Manual - Intent Routing Validation should correctly route SaaS queries","status":"passed","title":"should correctly route SaaS queries","duration":2.8195999999998094,"failureMessages":[],"meta":{}},{"ancestorTitles":["AI Chat Manual - Intent Routing Validation"],"fullName":"AI Chat Manual - Intent Routing Validation should correctly route Finance queries","status":"passed","title":"should correctly route Finance queries","duration":2.2042999999998756,"failureMessages":[],"meta":{}},{"ancestorTitles":["AI Chat Manual - Intent Routing Validation"],"fullName":"AI Chat Manual - Intent Routing Validation should correctly route Manufacturing queries","status":"passed","title":"should correctly route Manufacturing queries","duration":2.2456999999999425,"failureMessages":[],"meta":{}},{"ancestorTitles":["AI Chat Manual - Intent Routing Validation"],"fullName":"AI Chat Manual - Intent Routing Validation should correctly route Healthcare queries","status":"passed","title":"should correctly route Healthcare queries","duration":1.5243000000000393,"failureMessages":[],"meta":{}}],"startTime":1773814023439,"endTime":1773814023476.5244,"status":"passed","message":"","name":"C:/Projects/VistaraBI/vistarabi-landing/tests/manual-validation.test.ts"},{"assertionResults":[{"ancestorTitles":[],"fullName":"Integration Test: Module 7 connected with Domain (Module 3)","status":"passed","title":"Integration Test: Module 7 connected with Domain (Module 3)","duration":21.002300000000105,"failureMessages":[],"meta":{}}],"startTime":1773814024172,"endTime":1773814024193.0022,"status":"passed","message":"","name":"C:/Projects/VistaraBI/vistarabi-landing/tests/module-7-integration.test.ts"},{"assertionResults":[{"ancestorTitles":["Integrated Workflow: Modules 5 -> 6 -> 7 -> 8"],"fullName":"Integrated Workflow: Modules 5 -> 6 -> 7 -> 8 should successfully pass data from dashboard history to a validated mathematical strategy","status":"passed","title":"should successfully pass data from dashboard history to a validated mathematical strategy","duration":20.63220000000001,"failureMessages":[],"meta":{}}],"startTime":1773814025940,"endTime":1773814025960.632,"status":"passed","message":"","name":"C:/Projects/VistaraBI/vistarabi-landing/tests/integration/modules-5-to-8.test.ts"},{"assertionResults":[{"ancestorTitles":["Module 4.5 ΓÇö ECOMMERCE"],"fullName":"Module 4.5 ΓÇö ECOMMERCE [minimum_roles] Only revenue ΓåÆ only Total Revenue and similar unlocks","status":"passed","title":"[minimum_roles] Only revenue ΓåÆ only Total Revenue and similar unlocks","duration":26.85779999999977,"failureMessages":[],"meta":{}},{"ancestorTitles":["Module 4.5 ΓÇö ECOMMERCE"],"fullName":"Module 4.5 ΓÇö ECOMMERCE [missing_one_role] Missing order_id ΓåÆ AOV is skipped with reason","status":"passed","title":"[missing_one_role] Missing order_id ΓåÆ AOV is skipped with reason","duration":6.376800000000003,"failureMessages":[],"meta":{}},{"ancestorTitles":["Module 4.5 ΓÇö ECOMMERCE"],"fullName":"Module 4.5 ΓÇö ECOMMERCE [with_join] No join-required KPIs in ecommerce default set ΓÇö all non-join KPIs unlock when roles present","status":"passed","title":"[with_join] No join-required KPIs in ecommerce default set ΓÇö all non-join KPIs unlock when roles present","duration":5.921999999999571,"failureMessages":[],"meta":{}},{"ancestorTitles":["Module 4.5 ΓÇö ECOMMERCE"],"fullName":"Module 4.5 ΓÇö ECOMMERCE [no_join] All roles present, no relationships ΓÇö standard KPIs still unlock (ecommerce has no join-required KPIs)","status":"passed","title":"[no_join] All roles present, no relationships ΓÇö standard KPIs still unlock (ecommerce has no join-required KPIs)","duration":6.878000000000156,"failureMessages":[],"meta":{}},{"ancestorTitles":["Module 4.5 ΓÇö ECOMMERCE"],"fullName":"Module 4.5 ΓÇö ECOMMERCE [extra_columns] Extra irrelevant semantic roles do NOT unlock extra KPIs","status":"passed","title":"[extra_columns] Extra irrelevant semantic roles do NOT unlock extra KPIs","duration":4.733899999999721,"failureMessages":[],"meta":{}},{"ancestorTitles":["Module 4.5 ΓÇö SAAS"],"fullName":"Module 4.5 ΓÇö SAAS [minimum_roles] Only mrr ΓåÆ MRR and ARR unlock","status":"passed","title":"[minimum_roles] Only mrr ΓåÆ MRR and ARR unlock","duration":4.429500000000189,"failureMessages":[],"meta":{}},{"ancestorTitles":["Module 4.5 ΓÇö SAAS"],"fullName":"Module 4.5 ΓÇö SAAS [missing_one_role] Missing churn_flag ΓåÆ Churn Rate skipped","status":"passed","title":"[missing_one_role] Missing churn_flag ΓåÆ Churn Rate skipped","duration":4.0086999999998625,"failureMessages":[],"meta":{}},{"ancestorTitles":["Module 4.5 ΓÇö SAAS"],"fullName":"Module 4.5 ΓÇö SAAS [with_join] Full role set with relationships unlocks all saas rules","status":"passed","title":"[with_join] Full role set with relationships unlocks all saas rules","duration":12.176699999999983,"failureMessages":[],"meta":{}},{"ancestorTitles":["Module 4.5 ΓÇö SAAS"],"fullName":"Module 4.5 ΓÇö SAAS [no_join] SAAS has no join-required rules ΓÇö absence of relationships is fine","status":"passed","title":"[no_join] SAAS has no join-required rules ΓÇö absence of relationships is fine","duration":5.864900000000034,"failureMessages":[],"meta":{}},{"ancestorTitles":["Module 4.5 ΓÇö SAAS"],"fullName":"Module 4.5 ΓÇö SAAS [extra_columns] Extra roles do not inflate unlocked count","status":"passed","title":"[extra_columns] Extra roles do not inflate unlocked count","duration":4.644200000000183,"failureMessages":[],"meta":{}},{"ancestorTitles":["Module 4.5 ΓÇö EDTECH"],"fullName":"Module 4.5 ΓÇö EDTECH [minimum_roles] Only enrollment_id ΓåÆ Total Enrollments unlocks","status":"passed","title":"[minimum_roles] Only enrollment_id ΓåÆ Total Enrollments unlocks","duration":4.113600000000133,"failureMessages":[],"meta":{}},{"ancestorTitles":["Module 4.5 ΓÇö EDTECH"],"fullName":"Module 4.5 ΓÇö EDTECH [missing_one_role] Missing completion_flag ΓåÆ Completion Rate skipped","status":"passed","title":"[missing_one_role] Missing completion_flag ΓåÆ Completion Rate skipped","duration":3.099699999999757,"failureMessages":[],"meta":{}},{"ancestorTitles":["Module 4.5 ΓÇö EDTECH"],"fullName":"Module 4.5 ΓÇö EDTECH [with_join] Cross-course KPI (ed-010) unlocks when join present","status":"passed","title":"[with_join] Cross-course KPI (ed-010) unlocks when join present","duration":2.0612999999998465,"failureMessages":[],"meta":{}},{"ancestorTitles":["Module 4.5 ΓÇö EDTECH"],"fullName":"Module 4.5 ΓÇö EDTECH [no_join] Cross-course KPI (ed-010) stays locked without relationships","status":"passed","title":"[no_join] Cross-course KPI (ed-010) stays locked without relationships","duration":1.658299999999599,"failureMessages":[],"meta":{}},{"ancestorTitles":["Module 4.5 ΓÇö EDTECH"],"fullName":"Module 4.5 ΓÇö EDTECH [extra_columns] Unrelated roles (e.g. mrr) do not unlock EDTECH KPIs","status":"passed","title":"[extra_columns] Unrelated roles (e.g. mrr) do not unlock EDTECH KPIs","duration":2.2773999999999432,"failureMessages":[],"meta":{}},{"ancestorTitles":["Module 4.5 ΓÇö RETAIL"],"fullName":"Module 4.5 ΓÇö RETAIL [minimum_roles] Only revenue ΓåÆ Total Sales unlocks","status":"passed","title":"[minimum_roles] Only revenue ΓåÆ Total Sales unlocks","duration":3.132600000000366,"failureMessages":[],"meta":{}},{"ancestorTitles":["Module 4.5 ΓÇö RETAIL"],"fullName":"Module 4.5 ΓÇö RETAIL [missing_one_role] Missing cogs ΓåÆ Inventory Turnover and Gross Margin skipped","status":"passed","title":"[missing_one_role] Missing cogs ΓåÆ Inventory Turnover and Gross Margin skipped","duration":3.6064000000001215,"failureMessages":[],"meta":{}},{"ancestorTitles":["Module 4.5 ΓÇö RETAIL"],"fullName":"Module 4.5 ΓÇö RETAIL [with_join] All retail roles with relationships ΓÇö all non-join rules unlock","status":"passed","title":"[with_join] All retail roles with relationships ΓÇö all non-join rules unlock","duration":2.7912999999998647,"failureMessages":[],"meta":{}},{"ancestorTitles":["Module 4.5 ΓÇö RETAIL"],"fullName":"Module 4.5 ΓÇö RETAIL [no_join] All roles, no relationships ΓÇö non-join KPIs still unlock","status":"passed","title":"[no_join] All roles, no relationships ΓÇö non-join KPIs still unlock","duration":2.7076999999999316,"failureMessages":[],"meta":{}},{"ancestorTitles":["Module 4.5 ΓÇö RETAIL"],"fullName":"Module 4.5 ΓÇö RETAIL [extra_columns] Extra roles do not unlock RETAIL KPIs beyond available roles","status":"passed","title":"[extra_columns] Extra roles do not unlock RETAIL KPIs beyond available roles","duration":5.43119999999999,"failureMessages":[],"meta":{}},{"ancestorTitles":["Module 4.5 ΓÇö SERVICES"],"fullName":"Module 4.5 ΓÇö SERVICES [minimum_roles] Only revenue ΓåÆ Total Revenue unlocks","status":"passed","title":"[minimum_roles] Only revenue ΓåÆ Total Revenue unlocks","duration":3.494999999999891,"failureMessages":[],"meta":{}},{"ancestorTitles":["Module 4.5 ΓÇö SERVICES"],"fullName":"Module 4.5 ΓÇö SERVICES [missing_one_role] Missing total_hours ΓåÆ Billable Utilization skipped","status":"passed","title":"[missing_one_role] Missing total_hours ΓåÆ Billable Utilization skipped","duration":5.263800000000174,"failureMessages":[],"meta":{}},{"ancestorTitles":["Module 4.5 ΓÇö SERVICES"],"fullName":"Module 4.5 ΓÇö SERVICES [with_join] Cross-table client revenue (sv-010) unlocks with join","status":"passed","title":"[with_join] Cross-table client revenue (sv-010) unlocks with join","duration":3.9553000000000793,"failureMessages":[],"meta":{}},{"ancestorTitles":["Module 4.5 ΓÇö SERVICES"],"fullName":"Module 4.5 ΓÇö SERVICES [no_join] Cross-table client revenue (sv-010) stays locked without relationship","status":"passed","title":"[no_join] Cross-table client revenue (sv-010) stays locked without relationship","duration":3.4995999999996457,"failureMessages":[],"meta":{}},{"ancestorTitles":["Module 4.5 ΓÇö SERVICES"],"fullName":"Module 4.5 ΓÇö SERVICES [extra_columns] Irrelevant SAAS roles do not increase services KPI count","status":"passed","title":"[extra_columns] Irrelevant SAAS roles do not increase services KPI count","duration":7.222500000000309,"failureMessages":[],"meta":{}},{"ancestorTitles":["Module 4.5 ΓÇö MANUFACTURING"],"fullName":"Module 4.5 ΓÇö MANUFACTURING [minimum_roles] Only units_produced ΓåÆ Production Output unlocks","status":"passed","title":"[minimum_roles] Only units_produced ΓåÆ Production Output unlocks","duration":12.5933,"failureMessages":[],"meta":{}},{"ancestorTitles":["Module 4.5 ΓÇö MANUFACTURING"],"fullName":"Module 4.5 ΓÇö MANUFACTURING [missing_one_role] Missing total_units ΓåÆ Yield Rate and Defect Rate skipped","status":"passed","title":"[missing_one_role] Missing total_units ΓåÆ Yield Rate and Defect Rate skipped","duration":6.212700000000041,"failureMessages":[],"meta":{}},{"ancestorTitles":["Module 4.5 ΓÇö MANUFACTURING"],"fullName":"Module 4.5 ΓÇö MANUFACTURING [with_join] All manufacturing roles plus relationship unlocks most rules","status":"passed","title":"[with_join] All manufacturing roles plus relationship unlocks most rules","duration":2.4162999999998647,"failureMessages":[],"meta":{}},{"ancestorTitles":["Module 4.5 ΓÇö MANUFACTURING"],"fullName":"Module 4.5 ΓÇö MANUFACTURING [no_join] Manufacturing has no join-required rules ΓÇö all roles without relationship work","status":"passed","title":"[no_join] Manufacturing has no join-required rules ΓÇö all roles without relationship work","duration":2.59270000000015,"failureMessages":[],"meta":{}},{"ancestorTitles":["Module 4.5 ΓÇö MANUFACTURING"],"fullName":"Module 4.5 ΓÇö MANUFACTURING [extra_columns] Finance roles do not unlock manufacturing KPIs","status":"passed","title":"[extra_columns] Finance roles do not unlock manufacturing KPIs","duration":2.82529999999997,"failureMessages":[],"meta":{}},{"ancestorTitles":["Module 4.5 ΓÇö HEALTHCARE"],"fullName":"Module 4.5 ΓÇö HEALTHCARE [minimum_roles] Only patient_id ΓåÆ Patient Count unlocks","status":"passed","title":"[minimum_roles] Only patient_id ΓåÆ Patient Count unlocks","duration":2.449699999999666,"failureMessages":[],"meta":{}},{"ancestorTitles":["Module 4.5 ΓÇö HEALTHCARE"],"fullName":"Module 4.5 ΓÇö HEALTHCARE [missing_one_role] Missing beds_total ΓåÆ Bed Occupancy Rate skipped","status":"passed","title":"[missing_one_role] Missing beds_total ΓåÆ Bed Occupancy Rate skipped","duration":1.7427999999999884,"failureMessages":[],"meta":{}},{"ancestorTitles":["Module 4.5 ΓÇö HEALTHCARE"],"fullName":"Module 4.5 ΓÇö HEALTHCARE [with_join] Revenue per Patient (hc-010) unlocks when join present","status":"passed","title":"[with_join] Revenue per Patient (hc-010) unlocks when join present","duration":3.096100000000206,"failureMessages":[],"meta":{}},{"ancestorTitles":["Module 4.5 ΓÇö HEALTHCARE"],"fullName":"Module 4.5 ΓÇö HEALTHCARE [no_join] Revenue per Patient (hc-010) stays locked without relationship","status":"passed","title":"[no_join] Revenue per Patient (hc-010) stays locked without relationship","duration":2.586899999999787,"failureMessages":[],"meta":{}},{"ancestorTitles":["Module 4.5 ΓÇö HEALTHCARE"],"fullName":"Module 4.5 ΓÇö HEALTHCARE [extra_columns] Retail roles do not unlock healthcare KPIs","status":"passed","title":"[extra_columns] Retail roles do not unlock healthcare KPIs","duration":3.1291000000001077,"failureMessages":[],"meta":{}},{"ancestorTitles":["Module 4.5 ΓÇö FINANCE"],"fullName":"Module 4.5 ΓÇö FINANCE [minimum_roles] Only transaction_id ΓåÆ Total Transactions unlocks","status":"passed","title":"[minimum_roles] Only transaction_id ΓåÆ Total Transactions unlocks","duration":4.567200000000412,"failureMessages":[],"meta":{}},{"ancestorTitles":["Module 4.5 ΓÇö FINANCE"],"fullName":"Module 4.5 ΓÇö FINANCE [missing_one_role] Missing expenses ΓåÆ Net Profit skipped","status":"passed","title":"[missing_one_role] Missing expenses ΓåÆ Net Profit skipped","duration":2.096099999999751,"failureMessages":[],"meta":{}},{"ancestorTitles":["Module 4.5 ΓÇö FINANCE"],"fullName":"Module 4.5 ΓÇö FINANCE [with_join] Finance has no join-required rules ΓÇö with relationships all role-satisfied rules unlock","status":"passed","title":"[with_join] Finance has no join-required rules ΓÇö with relationships all role-satisfied rules unlock","duration":3.0307999999999993,"failureMessages":[],"meta":{}},{"ancestorTitles":["Module 4.5 ΓÇö FINANCE"],"fullName":"Module 4.5 ΓÇö FINANCE [no_join] Finance KPIs unlock without relationships (none are join-required)","status":"passed","title":"[no_join] Finance KPIs unlock without relationships (none are join-required)","duration":1.8059999999995853,"failureMessages":[],"meta":{}},{"ancestorTitles":["Module 4.5 ΓÇö FINANCE"],"fullName":"Module 4.5 ΓÇö FINANCE [extra_columns] Manufacturing roles do not unlock finance KPIs","status":"passed","title":"[extra_columns] Manufacturing roles do not unlock finance KPIs","duration":1.9202000000000226,"failureMessages":[],"meta":{}},{"ancestorTitles":["Module 4.5 ΓÇö Cross-domain Invariants"],"fullName":"Module 4.5 ΓÇö Cross-domain Invariants No skipped KPI should appear in unlockedKPIs","status":"passed","title":"No skipped KPI should appear in unlockedKPIs","duration":2.394999999999982,"failureMessages":[],"meta":{}},{"ancestorTitles":["Module 4.5 ΓÇö Cross-domain Invariants"],"fullName":"Module 4.5 ΓÇö Cross-domain Invariants All skipped KPIs have a non-empty reason","status":"passed","title":"All skipped KPIs have a non-empty reason","duration":3.5530000000003383,"failureMessages":[],"meta":{}},{"ancestorTitles":["Module 4.5 ΓÇö Cross-domain Invariants"],"fullName":"Module 4.5 ΓÇö Cross-domain Invariants Total KPIs = unlocked + skipped","status":"passed","title":"Total KPIs = unlocked + skipped","duration":2.7194000000004053,"failureMessages":[],"meta":{}},{"ancestorTitles":["Module 4.5 ΓÇö Cross-domain Invariants"],"fullName":"Module 4.5 ΓÇö Cross-domain Invariants Empty semanticColumns ΓåÆ all KPIs skipped for every domain","status":"passed","title":"Empty semanticColumns ΓåÆ all KPIs skipped for every domain","duration":9.253300000000309,"failureMessages":[],"meta":{}},{"ancestorTitles":["Module 4.5 ΓÇö Cross-domain Invariants"],"fullName":"Module 4.5 ΓÇö Cross-domain Invariants Low-confidence relationships do not unlock join-required KPIs","status":"passed","title":"Low-confidence relationships do not unlock join-required KPIs","duration":2.5124000000000706,"failureMessages":[],"meta":{}}],"startTime":1773814019200,"endTime":1773814019422.5125,"status":"passed","message":"","name":"C:/Projects/VistaraBI/vistarabi-landing/tests/module-4-5/eligibility.test.ts"},{"assertionResults":[{"ancestorTitles":["SemanticResolver ΓÇö Basic Resolution"],"fullName":"SemanticResolver ΓÇö Basic Resolution resolves Total Revenue formula with real column name","status":"passed","title":"resolves Total Revenue formula with real column name","duration":26.628299999999854,"failureMessages":[],"meta":{}},{"ancestorTitles":["SemanticResolver ΓÇö Basic Resolution"],"fullName":"SemanticResolver ΓÇö Basic Resolution formula contains actual column names, not semantic role names","status":"passed","title":"formula contains actual column names, not semantic role names","duration":3.0421000000001186,"failureMessages":[],"meta":{}},{"ancestorTitles":["SemanticResolver ΓÇö Basic Resolution"],"fullName":"SemanticResolver ΓÇö Basic Resolution aggregations contain real column names, not semantic roles","status":"passed","title":"aggregations contain real column names, not semantic roles","duration":46.2213999999999,"failureMessages":[],"meta":{}},{"ancestorTitles":["SemanticResolver ΓÇö Basic Resolution"],"fullName":"SemanticResolver ΓÇö Basic Resolution sourceTable is a table name without extension","status":"passed","title":"sourceTable is a table name without extension","duration":3.421899999999823,"failureMessages":[],"meta":{}},{"ancestorTitles":["SemanticResolver ΓÇö Basic Resolution"],"fullName":"SemanticResolver ΓÇö Basic Resolution tables array contains all involved source table names","status":"passed","title":"tables array contains all involved source table names","duration":1.9803000000001703,"failureMessages":[],"meta":{}},{"ancestorTitles":["SemanticResolver ΓÇö Basic Resolution"],"fullName":"SemanticResolver ΓÇö Basic Resolution semanticRolesUsed contains the roles consumed, not the column names","status":"passed","title":"semanticRolesUsed contains the roles consumed, not the column names","duration":5.214599999999791,"failureMessages":[],"meta":{}},{"ancestorTitles":["SemanticResolver ΓÇö Hard Failure (No Fallback)"],"fullName":"SemanticResolver ΓÇö Hard Failure (No Fallback) throws SemanticResolutionError when a semantic role is absent from column map","status":"passed","title":"throws SemanticResolutionError when a semantic role is absent from column map","duration":2.59900000000016,"failureMessages":[],"meta":{}},{"ancestorTitles":["SemanticResolver ΓÇö Hard Failure (No Fallback)"],"fullName":"SemanticResolver ΓÇö Hard Failure (No Fallback) throws SemanticResolutionError when column is not found in any source","status":"passed","title":"throws SemanticResolutionError when column is not found in any source","duration":1.226799999999912,"failureMessages":[],"meta":{}},{"ancestorTitles":["SemanticResolver ΓÇö Hard Failure (No Fallback)"],"fullName":"SemanticResolver ΓÇö Hard Failure (No Fallback) throws with rule id and name in the error message","status":"passed","title":"throws with rule id and name in the error message","duration":5.17049999999972,"failureMessages":[],"meta":{}},{"ancestorTitles":["SemanticResolver ΓÇö Hard Failure (No Fallback)"],"fullName":"SemanticResolver ΓÇö Hard Failure (No Fallback) never returns partial or undefined column names in aggregations","status":"passed","title":"never returns partial or undefined column names in aggregations","duration":3.7636999999999716,"failureMessages":[],"meta":{}},{"ancestorTitles":["SemanticResolver ΓÇö Hard Failure (No Fallback)"],"fullName":"SemanticResolver ΓÇö Hard Failure (No Fallback) never returns undefined source IDs in aggregations","status":"passed","title":"never returns undefined source IDs in aggregations","duration":1.4438000000000102,"failureMessages":[],"meta":{}},{"ancestorTitles":["SemanticResolver ΓÇö Multi-table (Join) Resolution"],"fullName":"SemanticResolver ΓÇö Multi-table (Join) Resolution resolves join path when relationship exists between sources","status":"passed","title":"resolves join path when relationship exists between sources","duration":3.1995999999999185,"failureMessages":[],"meta":{}},{"ancestorTitles":["SemanticResolver ΓÇö Multi-table (Join) Resolution"],"fullName":"SemanticResolver ΓÇö Multi-table (Join) Resolution join path contains real table names (not .csv), real column names","status":"passed","title":"join path contains real table names (not .csv), real column names","duration":2.0794999999998254,"failureMessages":[],"meta":{}},{"ancestorTitles":["SemanticResolver ΓÇö Formula Interpolation"],"fullName":"SemanticResolver ΓÇö Formula Interpolation [SAAS] MRR formula interpolates correctly","status":"passed","title":"[SAAS] MRR formula interpolates correctly","duration":1.715599999999995,"failureMessages":[],"meta":{}},{"ancestorTitles":["SemanticResolver ΓÇö Formula Interpolation"],"fullName":"SemanticResolver ΓÇö Formula Interpolation [FINANCE] Cash Flow formula interpolates both inflow and outflow","status":"passed","title":"[FINANCE] Cash Flow formula interpolates both inflow and outflow","duration":2.138800000000174,"failureMessages":[],"meta":{}},{"ancestorTitles":["SemanticResolver ΓÇö Formula Interpolation"],"fullName":"SemanticResolver ΓÇö Formula Interpolation [MANUFACTURING] OEE formula interpolates all three factors","status":"passed","title":"[MANUFACTURING] OEE formula interpolates all three factors","duration":2.658600000000206,"failureMessages":[],"meta":{}}],"startTime":1773814019193,"endTime":1773814019310.6587,"status":"passed","message":"","name":"C:/Projects/VistaraBI/vistarabi-landing/tests/module-4-5/semantic-resolver.test.ts"},{"assertionResults":[{"ancestorTitles":["Module 4D-B Edge Cases","Formula Parsing Robustness"],"fullName":"Module 4D-B Edge Cases Formula Parsing Robustness should handle formula with no aggregations","status":"passed","title":"should handle formula with no aggregations","duration":9.744499999999789,"failureMessages":[],"meta":{}},{"ancestorTitles":["Module 4D-B Edge Cases","Formula Parsing Robustness"],"fullName":"Module 4D-B Edge Cases Formula Parsing Robustness should handle formula with complex whitespace","status":"passed","title":"should handle formula with complex whitespace","duration":1.8820999999998094,"failureMessages":[],"meta":{}},{"ancestorTitles":["Module 4D-B Edge Cases","Formula Parsing Robustness"],"fullName":"Module 4D-B Edge Cases Formula Parsing Robustness should handle division by zero or empty formula gracefuly","status":"passed","title":"should handle division by zero or empty formula gracefuly","duration":2.438799999999901,"failureMessages":[],"meta":{}},{"ancestorTitles":["Module 4D-B Edge Cases","Formula Parsing Robustness"],"fullName":"Module 4D-B Edge Cases Formula Parsing Robustness should handle nested parentheses","status":"passed","title":"should handle nested parentheses","duration":2.438300000000254,"failureMessages":[],"meta":{}},{"ancestorTitles":["Module 4D-B Edge Cases","Ambiguous Join Handling"],"fullName":"Module 4D-B Edge Cases Ambiguous Join Handling should prioritize higher confidence relationship","status":"passed","title":"should prioritize higher confidence relationship","duration":3.260899999999765,"failureMessages":[],"meta":{}},{"ancestorTitles":["Module 4D-B Edge Cases","Ambiguous Join Handling"],"fullName":"Module 4D-B Edge Cases Ambiguous Join Handling should handle self-referencing joins gracefully","status":"passed","title":"should handle self-referencing joins gracefully","duration":0.8635999999996784,"failureMessages":[],"meta":{}},{"ancestorTitles":["Module 4D-B Edge Cases","Missing or Invalid Columns"],"fullName":"Module 4D-B Edge Cases Missing or Invalid Columns should return null source for non-existent column","status":"passed","title":"should return null source for non-existent column","duration":1.1729999999997744,"failureMessages":[],"meta":{}},{"ancestorTitles":["Module 4D-B Edge Cases","Missing or Invalid Columns"],"fullName":"Module 4D-B Edge Cases Missing or Invalid Columns should identify correct source even with case mismatch","status":"passed","title":"should identify correct source even with case mismatch","duration":1.1226999999998952,"failureMessages":[],"meta":{}},{"ancestorTitles":["Module 4D-B Edge Cases","Complex Aggregation Parsing"],"fullName":"Module 4D-B Edge Cases Complex Aggregation Parsing should parse multiple aggregations in one formula","status":"passed","title":"should parse multiple aggregations in one formula","duration":5.957799999999679,"failureMessages":[],"meta":{}},{"ancestorTitles":["Module 4D-B Edge Cases","Complex Aggregation Parsing"],"fullName":"Module 4D-B Edge Cases Complex Aggregation Parsing should parse COUNT DISTINCT correctly","status":"passed","title":"should parse COUNT DISTINCT correctly","duration":2.3911000000002787,"failureMessages":[],"meta":{}}],"startTime":1773814024180,"endTime":1773814024214.391,"status":"passed","message":"","name":"C:/Projects/VistaraBI/vistarabi-landing/tests/module-4d/edge-cases.test.ts"},{"assertionResults":[{"ancestorTitles":["Module 4D Integration Tests","End-to-End: Relationship ΓåÆ Lineage Flow"],"fullName":"Module 4D Integration Tests End-to-End: Relationship ΓåÆ Lineage Flow should detect all expected relationships","status":"passed","title":"should detect all expected relationships","duration":10.717399999999998,"failureMessages":[],"meta":{}},{"ancestorTitles":["Module 4D Integration Tests","End-to-End: Relationship ΓåÆ Lineage Flow"],"fullName":"Module 4D Integration Tests End-to-End: Relationship ΓåÆ Lineage Flow should use detected relationships for multi-table KPI","status":"passed","title":"should use detected relationships for multi-table KPI","duration":2.142199999999775,"failureMessages":[],"meta":{}},{"ancestorTitles":["Module 4D Integration Tests","Registry Consistency"],"fullName":"Module 4D Integration Tests Registry Consistency should have relationships referencing valid tables","status":"passed","title":"should have relationships referencing valid tables","duration":17.739599999999882,"failureMessages":[],"meta":{}},{"ancestorTitles":["Module 4D Integration Tests","Registry Consistency"],"fullName":"Module 4D Integration Tests Registry Consistency should have relationships referencing valid columns","status":"passed","title":"should have relationships referencing valid columns","duration":27.38189999999986,"failureMessages":[],"meta":{}},{"ancestorTitles":["Module 4D Integration Tests","Explanation Consistency with Lineage"],"fullName":"Module 4D Integration Tests Explanation Consistency with Lineage should generate consistent explanations for all test KPIs","status":"passed","title":"should generate consistent explanations for all test KPIs","duration":8.330500000000029,"failureMessages":[],"meta":{}},{"ancestorTitles":["Module 4D Integration Tests","Downstream Compatibility"],"fullName":"Module 4D Integration Tests Downstream Compatibility should produce data suitable for dashboard \"Show calculation\" feature","status":"passed","title":"should produce data suitable for dashboard \"Show calculation\" feature","duration":4.64240000000018,"failureMessages":[],"meta":{}},{"ancestorTitles":["Module 4D Integration Tests","Downstream Compatibility"],"fullName":"Module 4D Integration Tests Downstream Compatibility should produce data suitable for AI chat grounding","status":"passed","title":"should produce data suitable for AI chat grounding","duration":1.1502000000000407,"failureMessages":[],"meta":{}}],"startTime":1773814019714,"endTime":1773814019790.1501,"status":"passed","message":"","name":"C:/Projects/VistaraBI/vistarabi-landing/tests/module-4d/integration.test.ts"},{"assertionResults":[{"ancestorTitles":["Module 4D-B: KPI Lineage & Explainability","Technical Explanation Generation"],"fullName":"Module 4D-B: KPI Lineage & Explainability Technical Explanation Generation should generate technical explanation for SUM aggregation","status":"passed","title":"should generate technical explanation for SUM aggregation","duration":8.0150000000001,"failureMessages":[],"meta":{}},{"ancestorTitles":["Module 4D-B: KPI Lineage & Explainability","Technical Explanation Generation"],"fullName":"Module 4D-B: KPI Lineage & Explainability Technical Explanation Generation should generate technical explanation for AVG aggregation","status":"passed","title":"should generate technical explanation for AVG aggregation","duration":1.516399999999976,"failureMessages":[],"meta":{}},{"ancestorTitles":["Module 4D-B: KPI Lineage & Explainability","Technical Explanation Generation"],"fullName":"Module 4D-B: KPI Lineage & Explainability Technical Explanation Generation should include join information for multi-table KPIs","status":"passed","title":"should include join information for multi-table KPIs","duration":2.077299999999923,"failureMessages":[],"meta":{}},{"ancestorTitles":["Module 4D-B: KPI Lineage & Explainability","Business Explanation Generation"],"fullName":"Module 4D-B: KPI Lineage & Explainability Business Explanation Generation should generate human-friendly explanation for Total Revenue","status":"passed","title":"should generate human-friendly explanation for Total Revenue","duration":3.1519000000000688,"failureMessages":[],"meta":{}},{"ancestorTitles":["Module 4D-B: KPI Lineage & Explainability","Business Explanation Generation"],"fullName":"Module 4D-B: KPI Lineage & Explainability Business Explanation Generation should mention domain context in explanation","status":"passed","title":"should mention domain context in explanation","duration":0.9116999999998825,"failureMessages":[],"meta":{}},{"ancestorTitles":["Module 4D-B: KPI Lineage & Explainability","Business Explanation Generation"],"fullName":"Module 4D-B: KPI Lineage & Explainability Business Explanation Generation should describe joins in business terms","status":"passed","title":"should describe joins in business terms","duration":1.1346000000000913,"failureMessages":[],"meta":{}},{"ancestorTitles":["Module 4D-B: KPI Lineage & Explainability","Quick Explanation (No AI)"],"fullName":"Module 4D-B: KPI Lineage & Explainability Quick Explanation (No AI) should generate both explanations without AI","status":"passed","title":"should generate both explanations without AI","duration":2.000799999999799,"failureMessages":[],"meta":{}},{"ancestorTitles":["Module 4D-B: KPI Lineage & Explainability","Explanation Accuracy Validation"],"fullName":"Module 4D-B: KPI Lineage & Explainability Explanation Accuracy Validation should not invent non-existent joins","status":"passed","title":"should not invent non-existent joins","duration":0.7796000000000731,"failureMessages":[],"meta":{}},{"ancestorTitles":["Module 4D-B: KPI Lineage & Explainability","Explanation Accuracy Validation"],"fullName":"Module 4D-B: KPI Lineage & Explainability Explanation Accuracy Validation should not invent non-existent columns","status":"passed","title":"should not invent non-existent columns","duration":2.0666000000001077,"failureMessages":[],"meta":{}},{"ancestorTitles":["Module 4D-B: KPI Lineage & Explainability","Test KPI Dataset Validation"],"fullName":"Module 4D-B: KPI Lineage & Explainability Test KPI Dataset Validation should have valid test KPIs","status":"passed","title":"should have valid test KPIs","duration":3.407699999999977,"failureMessages":[],"meta":{}},{"ancestorTitles":["Module 4D-B: KPI Lineage & Explainability","Test KPI Dataset Validation"],"fullName":"Module 4D-B: KPI Lineage & Explainability Test KPI Dataset Validation should have both single-table and multi-table KPIs","status":"passed","title":"should have both single-table and multi-table KPIs","duration":0.9166999999999916,"failureMessages":[],"meta":{}}],"startTime":1773814023373,"endTime":1773814023402.9167,"status":"passed","message":"","name":"C:/Projects/VistaraBI/vistarabi-landing/tests/module-4d/kpi-lineage.test.ts"},{"assertionResults":[{"ancestorTitles":["Module 4D-A: Relationship Detection","Confidence Scoring Components"],"fullName":"Module 4D-A: Relationship Detection Confidence Scoring Components should calculate name score for exact matches","status":"passed","title":"should calculate name score for exact matches","duration":17.991399999999885,"failureMessages":[],"meta":{}},{"ancestorTitles":["Module 4D-A: Relationship Detection","Confidence Scoring Components"],"fullName":"Module 4D-A: Relationship Detection Confidence Scoring Components should calculate name score for partial matches","status":"passed","title":"should calculate name score for partial matches","duration":1.5300999999999476,"failureMessages":[],"meta":{}},{"ancestorTitles":["Module 4D-A: Relationship Detection","Confidence Scoring Components"],"fullName":"Module 4D-A: Relationship Detection Confidence Scoring Components should calculate low name score for unrelated columns","status":"passed","title":"should calculate low name score for unrelated columns","duration":1.2332000000001244,"failureMessages":[],"meta":{}},{"ancestorTitles":["Module 4D-A: Relationship Detection","Confidence Scoring Components"],"fullName":"Module 4D-A: Relationship Detection Confidence Scoring Components should calculate value overlap for matching columns","status":"passed","title":"should calculate value overlap for matching columns","duration":2.4026999999996406,"failureMessages":[],"meta":{}},{"ancestorTitles":["Module 4D-A: Relationship Detection","Confidence Scoring Components"],"fullName":"Module 4D-A: Relationship Detection Confidence Scoring Components should calculate low overlap for non-matching columns","status":"passed","title":"should calculate low overlap for non-matching columns","duration":0.8984999999997854,"failureMessages":[],"meta":{}},{"ancestorTitles":["Module 4D-A: Relationship Detection","Confidence Scoring Components"],"fullName":"Module 4D-A: Relationship Detection Confidence Scoring Components should calculate uniqueness score correctly","status":"passed","title":"should calculate uniqueness score correctly","duration":1.4171000000001186,"failureMessages":[],"meta":{}},{"ancestorTitles":["Module 4D-A: Relationship Detection","Confidence Scoring Components"],"fullName":"Module 4D-A: Relationship Detection Confidence Scoring Components should calculate data type score for matching types","status":"passed","title":"should calculate data type score for matching types","duration":4.507900000000063,"failureMessages":[],"meta":{}},{"ancestorTitles":["Module 4D-A: Relationship Detection","Relationship Detection"],"fullName":"Module 4D-A: Relationship Detection Relationship Detection should detect orders ΓåÆ customers relationship","status":"passed","title":"should detect orders ΓåÆ customers relationship","duration":33.42459999999983,"failureMessages":[],"meta":{}},{"ancestorTitles":["Module 4D-A: Relationship Detection","Relationship Detection"],"fullName":"Module 4D-A: Relationship Detection Relationship Detection should detect order_items ΓåÆ orders relationship","status":"passed","title":"should detect order_items ΓåÆ orders relationship","duration":20.851200000000063,"failureMessages":[],"meta":{}},{"ancestorTitles":["Module 4D-A: Relationship Detection","Relationship Detection"],"fullName":"Module 4D-A: Relationship Detection Relationship Detection should detect order_items ΓåÆ products relationship","status":"passed","title":"should detect order_items ΓåÆ products relationship","duration":40.25579999999991,"failureMessages":[],"meta":{}},{"ancestorTitles":["Module 4D-A: Relationship Detection","Relationship Detection"],"fullName":"Module 4D-A: Relationship Detection Relationship Detection should assign zero overlap score to misleading columns","status":"passed","title":"should assign zero overlap score to misleading columns","duration":31.070200000000114,"failureMessages":[],"meta":{}},{"ancestorTitles":["Module 4D-A: Relationship Detection","Relationship Detection"],"fullName":"Module 4D-A: Relationship Detection Relationship Detection should handle partial overlap with reduced confidence","status":"passed","title":"should handle partial overlap with reduced confidence","duration":16.88949999999977,"failureMessages":[],"meta":{}},{"ancestorTitles":["Module 4D-A: Relationship Detection","Join Cardinality Detection"],"fullName":"Module 4D-A: Relationship Detection Join Cardinality Detection should detect one-to-many for customer ΓåÆ orders","status":"passed","title":"should detect one-to-many for customer ΓåÆ orders","duration":3.9831999999996697,"failureMessages":[],"meta":{}},{"ancestorTitles":["Module 4D-A: Relationship Detection","Join Cardinality Detection"],"fullName":"Module 4D-A: Relationship Detection Join Cardinality Detection should detect one-to-one for unique mappings","status":"passed","title":"should detect one-to-one for unique mappings","duration":0.7616000000002714,"failureMessages":[],"meta":{}},{"ancestorTitles":["Module 4D-A: Relationship Detection","Confidence Weight Validation"],"fullName":"Module 4D-A: Relationship Detection Confidence Weight Validation should use correct weights in final confidence","status":"passed","title":"should use correct weights in final confidence","duration":0.6434999999996762,"failureMessages":[],"meta":{}},{"ancestorTitles":["Module 4D-A: Relationship Detection","Confidence Weight Validation"],"fullName":"Module 4D-A: Relationship Detection Confidence Weight Validation should produce weighted average for mixed scores","status":"passed","title":"should produce weighted average for mixed scores","duration":0.7490999999999985,"failureMessages":[],"meta":{}}],"startTime":1773814019635,"endTime":1773814019818.749,"status":"passed","message":"","name":"C:/Projects/VistaraBI/vistarabi-landing/tests/module-4d/relationship-detection.test.ts"},{"assertionResults":[{"ancestorTitles":["Module 5: Global Dashboard Intelligence Integration","Part 1: Module 5A ΓÇö Structure Engine"],"fullName":"Module 5: Global Dashboard Intelligence Integration Part 1: Module 5A ΓÇö Structure Engine 5A-01: Should generate valid dashboard schema from blueprint","status":"passed","title":"5A-01: Should generate valid dashboard schema from blueprint","duration":39.22929999999997,"failureMessages":[],"meta":{}},{"ancestorTitles":["Module 5: Global Dashboard Intelligence Integration","Part 1: Module 5A ΓÇö Structure Engine"],"fullName":"Module 5: Global Dashboard Intelligence Integration Part 1: Module 5A ΓÇö Structure Engine 5A-02: Should be deterministic (idempotent)","status":"passed","title":"5A-02: Should be deterministic (idempotent)","duration":31.69499999999971,"failureMessages":[],"meta":{}},{"ancestorTitles":["Module 5: Global Dashboard Intelligence Integration","Part 2: Module 5B ΓÇö Rendering Engine"],"fullName":"Module 5: Global Dashboard Intelligence Integration Part 2: Module 5B ΓÇö Rendering Engine 5B-01: Should render dashboard with correct KPI values","status":"passed","title":"5B-01: Should render dashboard with correct KPI values","duration":8.57589999999982,"failureMessages":[],"meta":{}},{"ancestorTitles":["Module 5: Global Dashboard Intelligence Integration","Part 2: Module 5B ΓÇö Rendering Engine"],"fullName":"Module 5: Global Dashboard Intelligence Integration Part 2: Module 5B ΓÇö Rendering Engine 5B-02: Should propagate filters correctly","status":"passed","title":"5B-02: Should propagate filters correctly","duration":4.617799999999988,"failureMessages":[],"meta":{}},{"ancestorTitles":["Module 5: Global Dashboard Intelligence Integration","Part 2: Module 5B ΓÇö Rendering Engine"],"fullName":"Module 5: Global Dashboard Intelligence Integration Part 2: Module 5B ΓÇö Rendering Engine 5B-03: Should support drill-down via computeSingleKPI","status":"passed","title":"5B-03: Should support drill-down via computeSingleKPI","duration":3.793399999999565,"failureMessages":[],"meta":{}},{"ancestorTitles":["Module 5: Global Dashboard Intelligence Integration","Part 3: Module 5C ΓÇö Explainability & Insights"],"fullName":"Module 5: Global Dashboard Intelligence Integration Part 3: Module 5C ΓÇö Explainability & Insights 5C-01: Should produce KPI insight with anomaly detection","status":"passed","title":"5C-01: Should produce KPI insight with anomaly detection","duration":6.995600000000195,"failureMessages":[],"meta":{}},{"ancestorTitles":["Module 5: Global Dashboard Intelligence Integration","Part 3: Module 5C ΓÇö Explainability & Insights"],"fullName":"Module 5: Global Dashboard Intelligence Integration Part 3: Module 5C ΓÇö Explainability & Insights 5C-02: Should detect spike anomaly on large delta","status":"passed","title":"5C-02: Should detect spike anomaly on large delta","duration":2.5634000000000015,"failureMessages":[],"meta":{}},{"ancestorTitles":["Module 5: Global Dashboard Intelligence Integration","Part 3: Module 5C ΓÇö Explainability & Insights"],"fullName":"Module 5: Global Dashboard Intelligence Integration Part 3: Module 5C ΓÇö Explainability & Insights 5C-03: Should generate dashboard-level insights","status":"passed","title":"5C-03: Should generate dashboard-level insights","duration":3.7872999999999593,"failureMessages":[],"meta":{}},{"ancestorTitles":["Module 5: Global Dashboard Intelligence Integration","Part 3: Module 5C ΓÇö Explainability & Insights"],"fullName":"Module 5: Global Dashboard Intelligence Integration Part 3: Module 5C ΓÇö Explainability & Insights 5C-04: Should rank top movers correctly","status":"passed","title":"5C-04: Should rank top movers correctly","duration":3.0294000000003507,"failureMessages":[],"meta":{}},{"ancestorTitles":["Module 5: Global Dashboard Intelligence Integration","Part 4: System Contract"],"fullName":"Module 5: Global Dashboard Intelligence Integration Part 4: System Contract Should write dashboardConfig via upsert (read inputs, write output)","status":"passed","title":"Should write dashboardConfig via upsert (read inputs, write output)","duration":5.599299999999857,"failureMessages":[],"meta":{}},{"ancestorTitles":["Module 5: Global Dashboard Intelligence Integration","Part 4: System Contract"],"fullName":"Module 5: Global Dashboard Intelligence Integration Part 4: System Contract Should handle missing blueprint gracefully","status":"passed","title":"Should handle missing blueprint gracefully","duration":1.8269000000000233,"failureMessages":[],"meta":{}}],"startTime":1773814022432,"endTime":1773814022550.827,"status":"passed","message":"","name":"C:/Projects/VistaraBI/vistarabi-landing/tests/module-5/integration.test.ts"},{"assertionResults":[{"ancestorTitles":["Anomaly Detector ΓÇö Minimum Dataset Guard"],"fullName":"Anomaly Detector ΓÇö Minimum Dataset Guard Returns null for empty dataset","status":"passed","title":"Returns null for empty dataset","duration":4.74330000000009,"failureMessages":[],"meta":{}},{"ancestorTitles":["Anomaly Detector ΓÇö Minimum Dataset Guard"],"fullName":"Anomaly Detector ΓÇö Minimum Dataset Guard Returns null for 4-point dataset (< minDataPoints=5)","status":"passed","title":"Returns null for 4-point dataset (< minDataPoints=5)","duration":1.1386999999999716,"failureMessages":[],"meta":{}},{"ancestorTitles":["Anomaly Detector ΓÇö Minimum Dataset Guard"],"fullName":"Anomaly Detector ΓÇö Minimum Dataset Guard Does not return null for exactly 5 data points","status":"passed","title":"Does not return null for exactly 5 data points","duration":106.4043999999999,"failureMessages":[],"meta":{}},{"ancestorTitles":["Anomaly Detector ΓÇö Zero Variance"],"fullName":"Anomaly Detector ΓÇö Zero Variance Returns null when all values are identical (zero stddev)","status":"passed","title":"Returns null when all values are identical (zero stddev)","duration":2.5091999999999643,"failureMessages":[],"meta":{}},{"ancestorTitles":["Anomaly Detector ΓÇö Normal Data (No Anomaly)"],"fullName":"Anomaly Detector ΓÇö Normal Data (No Anomaly) Flat data with small noise ΓåÆ no anomaly","status":"passed","title":"Flat data with small noise ΓåÆ no anomaly","duration":1.1000000000001364,"failureMessages":[],"meta":{}},{"ancestorTitles":["Anomaly Detector ΓÇö Detects Spikes"],"fullName":"Anomaly Detector ΓÇö Detects Spikes Single massive spike ΓåÆ detected, high severity","status":"passed","title":"Single massive spike ΓåÆ detected, high severity","duration":2.86830000000009,"failureMessages":[],"meta":{}},{"ancestorTitles":["Anomaly Detector ΓÇö Detects Spikes"],"fullName":"Anomaly Detector ΓÇö Detects Spikes Single drop ΓåÆ detected (severity may vary by magnitude)","status":"passed","title":"Single drop ΓåÆ detected (severity may vary by magnitude)","duration":2.0226000000000113,"failureMessages":[],"meta":{}},{"ancestorTitles":["Anomaly Detector ΓÇö Detects Spikes"],"fullName":"Anomaly Detector ΓÇö Detects Spikes Multiple outliers ΓåÆ affectedPoints has all flagged points","status":"passed","title":"Multiple outliers ΓåÆ affectedPoints has all flagged points","duration":1.4144000000001142,"failureMessages":[],"meta":{}},{"ancestorTitles":["Anomaly Detector ΓÇö Severity Classification"],"fullName":"Anomaly Detector ΓÇö Severity Classification Custom low threshold: lower zLowThreshold catches more points","status":"passed","title":"Custom low threshold: lower zLowThreshold catches more points","duration":2.6899000000000797,"failureMessages":[],"meta":{}},{"ancestorTitles":["Anomaly Detector ΓÇö Severity Classification"],"fullName":"Anomaly Detector ΓÇö Severity Classification Custom high/low thresholds: spike labeled correctly","status":"passed","title":"Custom high/low thresholds: spike labeled correctly","duration":1.4589000000000851,"failureMessages":[],"meta":{}},{"ancestorTitles":["Anomaly Detector ΓÇö Reasoning"],"fullName":"Anomaly Detector ΓÇö Reasoning Reasoning contains value, mean, stddev reference","status":"passed","title":"Reasoning contains value, mean, stddev reference","duration":2.072400000000016,"failureMessages":[],"meta":{}},{"ancestorTitles":["Anomaly Detector ΓÇö Reasoning"],"fullName":"Anomaly Detector ΓÇö Reasoning Reasoning mentions severity","status":"passed","title":"Reasoning mentions severity","duration":1.1979999999998654,"failureMessages":[],"meta":{}}],"startTime":1773814018816,"endTime":1773814018951.198,"status":"passed","message":"","name":"C:/Projects/VistaraBI/vistarabi-landing/tests/module-5-5/anomaly.test.ts"},{"assertionResults":[{"ancestorTitles":["Filter Interpreter ΓÇö Fiscal Year (AprilΓÇôMarch)"],"fullName":"Filter Interpreter ΓÇö Fiscal Year (AprilΓÇôMarch) FY2025 ΓåÆ April 2024 ΓÇô March 2025","status":"passed","title":"FY2025 ΓåÆ April 2024 ΓÇô March 2025","duration":8.663299999999936,"failureMessages":[],"meta":{}},{"ancestorTitles":["Filter Interpreter ΓÇö Fiscal Year (AprilΓÇôMarch)"],"fullName":"Filter Interpreter ΓÇö Fiscal Year (AprilΓÇôMarch) FY2024 ΓåÆ April 2023 ΓÇô March 2024","status":"passed","title":"FY2024 ΓåÆ April 2023 ΓÇô March 2024","duration":1.5947000000001026,"failureMessages":[],"meta":{}},{"ancestorTitles":["Filter Interpreter ΓÇö Fiscal Year (AprilΓÇôMarch)"],"fullName":"Filter Interpreter ΓÇö Fiscal Year (AprilΓÇôMarch) Case insensitive: fy2025 parses correctly","status":"passed","title":"Case insensitive: fy2025 parses correctly","duration":0.8156999999998789,"failureMessages":[],"meta":{}},{"ancestorTitles":["Filter Interpreter ΓÇö Fiscal Year (AprilΓÇôMarch)"],"fullName":"Filter Interpreter ΓÇö Fiscal Year (AprilΓÇôMarch) FY2025 with JanuaryΓÇôDecember convention","status":"passed","title":"FY2025 with JanuaryΓÇôDecember convention","duration":1.9159000000001924,"failureMessages":[],"meta":{}},{"ancestorTitles":["Filter Interpreter ΓÇö Fiscal Year (AprilΓÇôMarch)"],"fullName":"Filter Interpreter ΓÇö Fiscal Year (AprilΓÇôMarch) FY2024-25 variant parses as FY2024","status":"passed","title":"FY2024-25 variant parses as FY2024","duration":1.1572000000001026,"failureMessages":[],"meta":{}},{"ancestorTitles":["Filter Interpreter ΓÇö Quarters"],"fullName":"Filter Interpreter ΓÇö Quarters Q1 ΓåÆ Jan 1 ΓÇô Mar 31 of current year","status":"passed","title":"Q1 ΓåÆ Jan 1 ΓÇô Mar 31 of current year","duration":4.65910000000008,"failureMessages":[],"meta":{}},{"ancestorTitles":["Filter Interpreter ΓÇö Quarters"],"fullName":"Filter Interpreter ΓÇö Quarters Q3 2024 ΓåÆ Jul 1 ΓÇô Sep 30 2024","status":"passed","title":"Q3 2024 ΓåÆ Jul 1 ΓÇô Sep 30 2024","duration":2.2381000000000313,"failureMessages":[],"meta":{}},{"ancestorTitles":["Filter Interpreter ΓÇö Quarters"],"fullName":"Filter Interpreter ΓÇö Quarters Q4 2025 ΓåÆ Oct 1 ΓÇô Dec 31 2025","status":"passed","title":"Q4 2025 ΓåÆ Oct 1 ΓÇô Dec 31 2025","duration":1.1586999999999534,"failureMessages":[],"meta":{}},{"ancestorTitles":["Filter Interpreter ΓÇö Quarters"],"fullName":"Filter Interpreter ΓÇö Quarters Q2-2023 (hyphen format) ΓåÆ Apr 1 ΓÇô Jun 30 2023","status":"passed","title":"Q2-2023 (hyphen format) ΓåÆ Apr 1 ΓÇô Jun 30 2023","duration":1.5833000000000084,"failureMessages":[],"meta":{}},{"ancestorTitles":["Filter Interpreter ΓÇö Relative Dates"],"fullName":"Filter Interpreter ΓÇö Relative Dates Last 7 days from 2025-03-15 ΓåÆ 2025-03-08 to 2025-03-15","status":"passed","title":"Last 7 days from 2025-03-15 ΓåÆ 2025-03-08 to 2025-03-15","duration":1.4858000000001539,"failureMessages":[],"meta":{}},{"ancestorTitles":["Filter Interpreter ΓÇö Relative Dates"],"fullName":"Filter Interpreter ΓÇö Relative Dates Last 30 days ΓåÆ 30 days before ref","status":"passed","title":"Last 30 days ΓåÆ 30 days before ref","duration":0.9796000000001186,"failureMessages":[],"meta":{}},{"ancestorTitles":["Filter Interpreter ΓÇö Relative Dates"],"fullName":"Filter Interpreter ΓÇö Relative Dates Last 3 months ΓåÆ earlier month","status":"passed","title":"Last 3 months ΓåÆ earlier month","duration":1.7160000000001219,"failureMessages":[],"meta":{}},{"ancestorTitles":["Filter Interpreter ΓÇö Relative Dates"],"fullName":"Filter Interpreter ΓÇö Relative Dates Last 1 year","status":"passed","title":"Last 1 year","duration":0.7946000000001732,"failureMessages":[],"meta":{}},{"ancestorTitles":["Filter Interpreter ΓÇö Relative Dates"],"fullName":"Filter Interpreter ΓÇö Relative Dates This month ΓåÆ 2025-03-01 to 2025-03-31","status":"passed","title":"This month ΓåÆ 2025-03-01 to 2025-03-31","duration":2.746199999999817,"failureMessages":[],"meta":{}},{"ancestorTitles":["Filter Interpreter ΓÇö Relative Dates"],"fullName":"Filter Interpreter ΓÇö Relative Dates This quarter (Q1) ΓåÆ 2025-01-01 to 2025-03-31","status":"passed","title":"This quarter (Q1) ΓåÆ 2025-01-01 to 2025-03-31","duration":0.9834000000000742,"failureMessages":[],"meta":{}},{"ancestorTitles":["Filter Interpreter ΓÇö Relative Dates"],"fullName":"Filter Interpreter ΓÇö Relative Dates This year ΓåÆ 2025-01-01 to 2025-12-31","status":"passed","title":"This year ΓåÆ 2025-01-01 to 2025-12-31","duration":0.7618999999999687,"failureMessages":[],"meta":{}},{"ancestorTitles":["Filter Interpreter ΓÇö Relative Dates"],"fullName":"Filter Interpreter ΓÇö Relative Dates Last 90 days label is human-readable","status":"passed","title":"Last 90 days label is human-readable","duration":0.5596000000000458,"failureMessages":[],"meta":{}},{"ancestorTitles":["Filter Interpreter ΓÇö Rank Filters"],"fullName":"Filter Interpreter ΓÇö Rank Filters Top 5 products ΓåÆ rank filter, limit=5, desc","status":"passed","title":"Top 5 products ΓåÆ rank filter, limit=5, desc","duration":1.0513999999998305,"failureMessages":[],"meta":{}},{"ancestorTitles":["Filter Interpreter ΓÇö Rank Filters"],"fullName":"Filter Interpreter ΓÇö Rank Filters Top 10 by revenue ΓåÆ column=revenue, limit=10","status":"passed","title":"Top 10 by revenue ΓåÆ column=revenue, limit=10","duration":0.8325999999999567,"failureMessages":[],"meta":{}},{"ancestorTitles":["Filter Interpreter ΓÇö Rank Filters"],"fullName":"Filter Interpreter ΓÇö Rank Filters Bottom 3 ΓåÆ orderDir=asc, limit=3","status":"passed","title":"Bottom 3 ΓåÆ orderDir=asc, limit=3","duration":0.5226000000000113,"failureMessages":[],"meta":{}},{"ancestorTitles":["Filter Interpreter ΓÇö Value Comparisons"],"fullName":"Filter Interpreter ΓÇö Value Comparisons Revenue > 10000 ΓåÆ value filter, column=revenue, gt, 10000","status":"passed","title":"Revenue > 10000 ΓåÆ value filter, column=revenue, gt, 10000","duration":1.5045000000000073,"failureMessages":[],"meta":{}},{"ancestorTitles":["Filter Interpreter ΓÇö Value Comparisons"],"fullName":"Filter Interpreter ΓÇö Value Comparisons quantity <= 50 ΓåÆ lte, 50","status":"passed","title":"quantity <= 50 ΓåÆ lte, 50","duration":0.7820999999999003,"failureMessages":[],"meta":{}},{"ancestorTitles":["Filter Interpreter ΓÇö Value Comparisons"],"fullName":"Filter Interpreter ΓÇö Value Comparisons status = active ΓåÆ string value","status":"passed","title":"status = active ΓåÆ string value","duration":0.6281000000001313,"failureMessages":[],"meta":{}},{"ancestorTitles":["Filter Interpreter ΓÇö Value Comparisons"],"fullName":"Filter Interpreter ΓÇö Value Comparisons price != 0 ΓåÆ neq, zero","status":"passed","title":"price != 0 ΓåÆ neq, zero","duration":0.5987999999999829,"failureMessages":[],"meta":{}},{"ancestorTitles":["Filter Interpreter ΓÇö Category Filters"],"fullName":"Filter Interpreter ΓÇö Category Filters category: Electronics, Clothing ΓåÆ two values","status":"passed","title":"category: Electronics, Clothing ΓåÆ two values","duration":5.914399999999887,"failureMessages":[],"meta":{}},{"ancestorTitles":["Filter Interpreter ΓÇö Category Filters"],"fullName":"Filter Interpreter ΓÇö Category Filters region: North ΓåÆ single value","status":"passed","title":"region: North ΓåÆ single value","duration":3.4532000000001517,"failureMessages":[],"meta":{}},{"ancestorTitles":["Filter Interpreter ΓÇö Error Cases"],"fullName":"Filter Interpreter ΓÇö Error Cases Throws FilterValidationError for unrecognized expression","status":"passed","title":"Throws FilterValidationError for unrecognized expression","duration":2.6933000000001357,"failureMessages":[],"meta":{}},{"ancestorTitles":["Filter Interpreter ΓÇö Error Cases"],"fullName":"Filter Interpreter ΓÇö Error Cases normalizeFilters skips empty strings","status":"passed","title":"normalizeFilters skips empty strings","duration":1.902900000000045,"failureMessages":[],"meta":{}},{"ancestorTitles":["Filter Interpreter ΓÇö Error Cases"],"fullName":"Filter Interpreter ΓÇö Error Cases normalizeFilters throws aggregate error if any fail","status":"passed","title":"normalizeFilters throws aggregate error if any fail","duration":1.068100000000186,"failureMessages":[],"meta":{}}],"startTime":1773814020716,"endTime":1773814020776.068,"status":"passed","message":"","name":"C:/Projects/VistaraBI/vistarabi-landing/tests/module-5-5/filter-interpreter.test.ts"},{"assertionResults":[{"ancestorTitles":["KPI Summary Engine ΓÇö No Comparison"],"fullName":"KPI Summary Engine ΓÇö No Comparison Returns no_comparison when previousValue is null","status":"passed","title":"Returns no_comparison when previousValue is null","duration":10.706899999999905,"failureMessages":[],"meta":{}},{"ancestorTitles":["KPI Summary Engine ΓÇö No Comparison"],"fullName":"KPI Summary Engine ΓÇö No Comparison Headline includes current value","status":"passed","title":"Headline includes current value","duration":1.3972000000001117,"failureMessages":[],"meta":{}},{"ancestorTitles":["KPI Summary Engine ΓÇö No Comparison"],"fullName":"KPI Summary Engine ΓÇö No Comparison generatedAt is an ISO string","status":"passed","title":"generatedAt is an ISO string","duration":4.9642999999998665,"failureMessages":[],"meta":{}},{"ancestorTitles":["KPI Summary Engine ΓÇö Stable (<5% change)"],"fullName":"KPI Summary Engine ΓÇö Stable (<5% change) 3% increase ΓåÆ stable","status":"passed","title":"3% increase ΓåÆ stable","duration":2.3371000000001914,"failureMessages":[],"meta":{}},{"ancestorTitles":["KPI Summary Engine ΓÇö Stable (<5% change)"],"fullName":"KPI Summary Engine ΓÇö Stable (<5% change) 2% decrease ΓåÆ stable","status":"passed","title":"2% decrease ΓåÆ stable","duration":0.9275000000000091,"failureMessages":[],"meta":{}},{"ancestorTitles":["KPI Summary Engine ΓÇö Stable (<5% change)"],"fullName":"KPI Summary Engine ΓÇö Stable (<5% change) 0% flat ΓåÆ stable","status":"passed","title":"0% flat ΓåÆ stable","duration":0.7644000000000233,"failureMessages":[],"meta":{}},{"ancestorTitles":["KPI Summary Engine ΓÇö Notable Change (5ΓÇô20%)"],"fullName":"KPI Summary Engine ΓÇö Notable Change (5ΓÇô20%) 12% increase ΓåÆ notable_increase","status":"passed","title":"12% increase ΓåÆ notable_increase","duration":1.5510000000001583,"failureMessages":[],"meta":{}},{"ancestorTitles":["KPI Summary Engine ΓÇö Notable Change (5ΓÇô20%)"],"fullName":"KPI Summary Engine ΓÇö Notable Change (5ΓÇô20%) 15% decrease ΓåÆ notable_decrease","status":"passed","title":"15% decrease ΓåÆ notable_decrease","duration":1.2083000000000084,"failureMessages":[],"meta":{}},{"ancestorTitles":["KPI Summary Engine ΓÇö Significant Change (ΓëÑ20%)"],"fullName":"KPI Summary Engine ΓÇö Significant Change (ΓëÑ20%) 24% increase ΓåÆ significant_increase","status":"passed","title":"24% increase ΓåÆ significant_increase","duration":1.9569000000001324,"failureMessages":[],"meta":{}},{"ancestorTitles":["KPI Summary Engine ΓÇö Significant Change (ΓëÑ20%)"],"fullName":"KPI Summary Engine ΓÇö Significant Change (ΓëÑ20%) 45% decrease ΓåÆ significant_decrease","status":"passed","title":"45% decrease ΓåÆ significant_decrease","duration":1.6204999999999927,"failureMessages":[],"meta":{}},{"ancestorTitles":["KPI Summary Engine ΓÇö Significant Change (ΓëÑ20%)"],"fullName":"KPI Summary Engine ΓÇö Significant Change (ΓëÑ20%) Exactly 20% ΓåÆ significant (boundary)","status":"passed","title":"Exactly 20% ΓåÆ significant (boundary)","duration":0.7717000000000098,"failureMessages":[],"meta":{}},{"ancestorTitles":["KPI Summary Engine ΓÇö High Volatility Annotation"],"fullName":"KPI Summary Engine ΓÇö High Volatility Annotation High volatility (>0.3) annotates detail string","status":"passed","title":"High volatility (>0.3) annotates detail string","duration":0.6931999999999334,"failureMessages":[],"meta":{}},{"ancestorTitles":["KPI Summary Engine ΓÇö High Volatility Annotation"],"fullName":"KPI Summary Engine ΓÇö High Volatility Annotation Low volatility (<0.3) has no annotation","status":"passed","title":"Low volatility (<0.3) has no annotation","duration":0.9906000000000859,"failureMessages":[],"meta":{}},{"ancestorTitles":["KPI Summary Engine ΓÇö Determinism"],"fullName":"KPI Summary Engine ΓÇö Determinism Same inputs always produce same output","status":"passed","title":"Same inputs always produce same output","duration":0.9040999999999713,"failureMessages":[],"meta":{}}],"startTime":1773814023069,"endTime":1773814023103.904,"status":"passed","message":"","name":"C:/Projects/VistaraBI/vistarabi-landing/tests/module-5-5/kpi-summary.test.ts"},{"assertionResults":[{"ancestorTitles":["Dashboard State Engine"],"fullName":"Dashboard State Engine Hydrate returns null when no state and no config exist","status":"passed","title":"Hydrate returns null when no state and no config exist","duration":10.638700000000199,"failureMessages":[],"meta":{}},{"ancestorTitles":["Dashboard State Engine"],"fullName":"Dashboard State Engine Persist state creates a new DashboardState with version 1","status":"passed","title":"Persist state creates a new DashboardState with version 1","duration":9.223300000000108,"failureMessages":[],"meta":{}},{"ancestorTitles":["Dashboard State Engine"],"fullName":"Dashboard State Engine Persist state bumps version on update","status":"passed","title":"Persist state bumps version on update","duration":2.345800000000054,"failureMessages":[],"meta":{}},{"ancestorTitles":["Dashboard State Engine"],"fullName":"Dashboard State Engine Upsert card creates a new card and links it to state","status":"passed","title":"Upsert card creates a new card and links it to state","duration":10.252099999999928,"failureMessages":[],"meta":{}},{"ancestorTitles":["Dashboard State Engine"],"fullName":"Dashboard State Engine Remove card deletes the card from state","status":"passed","title":"Remove card deletes the card from state","duration":10.691000000000031,"failureMessages":[],"meta":{}}],"startTime":1773814021183,"endTime":1773814021227.691,"status":"passed","message":"","name":"C:/Projects/VistaraBI/vistarabi-landing/tests/module-5-5/state-engine.test.ts"},{"assertionResults":[{"ancestorTitles":["Module 5A: Dashboard Layout Engine","KPI Grouping Logic"],"fullName":"Module 5A: Dashboard Layout Engine KPI Grouping Logic should group KPIs into correct business sections","status":"passed","title":"should group KPIs into correct business sections","duration":17.131400000000212,"failureMessages":[],"meta":{}},{"ancestorTitles":["Module 5A: Dashboard Layout Engine","KPI Grouping Logic"],"fullName":"Module 5A: Dashboard Layout Engine KPI Grouping Logic should place unknown categories into \"General Metrics\"","status":"passed","title":"should place unknown categories into \"General Metrics\"","duration":3.31670000000031,"failureMessages":[],"meta":{}},{"ancestorTitles":["Module 5A: Dashboard Layout Engine","Priority Ordering"],"fullName":"Module 5A: Dashboard Layout Engine Priority Ordering should sort KPIs by library priority then confidence","status":"passed","title":"should sort KPIs by library priority then confidence","duration":1.9067999999997483,"failureMessages":[],"meta":{}},{"ancestorTitles":["Module 5A: Dashboard Layout Engine","Chart Type Inference"],"fullName":"Module 5A: Dashboard Layout Engine Chart Type Inference should infer metric_card for simple SUMs","status":"passed","title":"should infer metric_card for simple SUMs","duration":2.8640999999997803,"failureMessages":[],"meta":{}},{"ancestorTitles":["Module 5A: Dashboard Layout Engine","Chart Type Inference"],"fullName":"Module 5A: Dashboard Layout Engine Chart Type Inference should infer bar chart for COUNTs","status":"passed","title":"should infer bar chart for COUNTs","duration":1.2800999999999476,"failureMessages":[],"meta":{}},{"ancestorTitles":["Module 5A: Dashboard Layout Engine","Chart Type Inference"],"fullName":"Module 5A: Dashboard Layout Engine Chart Type Inference should infer line chart for time-series AVG","status":"passed","title":"should infer line chart for time-series AVG","duration":0.9743000000003121,"failureMessages":[],"meta":{}},{"ancestorTitles":["Module 5A: Dashboard Layout Engine","Chart Type Inference"],"fullName":"Module 5A: Dashboard Layout Engine Chart Type Inference should infer metric_card for Ratios","status":"passed","title":"should infer metric_card for Ratios","duration":0.5828999999998814,"failureMessages":[],"meta":{}},{"ancestorTitles":["Module 5A: Dashboard Layout Engine","Layout Schema Generation"],"fullName":"Module 5A: Dashboard Layout Engine Layout Schema Generation should generate valid DashboardConfigSchema structure","status":"passed","title":"should generate valid DashboardConfigSchema structure","duration":252.6327000000001,"failureMessages":[],"meta":{}},{"ancestorTitles":["Module 5A: Dashboard Layout Engine","Sidebar Structure"],"fullName":"Module 5A: Dashboard Layout Engine Sidebar Structure should have all 9 standard items","status":"passed","title":"should have all 9 standard items","duration":3.7703999999998814,"failureMessages":[],"meta":{}},{"ancestorTitles":["Module 5A: Dashboard Layout Engine","Sidebar Structure"],"fullName":"Module 5A: Dashboard Layout Engine Sidebar Structure should enable intelligence only if sources exist","status":"passed","title":"should enable intelligence only if sources exist","duration":2.0172999999999774,"failureMessages":[],"meta":{}},{"ancestorTitles":["Module 5A: Dashboard Layout Engine","Determinism"],"fullName":"Module 5A: Dashboard Layout Engine Determinism should produce identical output for same input","status":"passed","title":"should produce identical output for same input","duration":16.82470000000012,"failureMessages":[],"meta":{}},{"ancestorTitles":["Module 5A: Dashboard Layout Engine","Determinism"],"fullName":"Module 5A: Dashboard Layout Engine Determinism should increment version on regeneration","status":"passed","title":"should increment version on regeneration","duration":6.98739999999998,"failureMessages":[],"meta":{}},{"ancestorTitles":["Module 5A: Dashboard Layout Engine","Dynamic Updates"],"fullName":"Module 5A: Dashboard Layout Engine Dynamic Updates should integrate new KPIs into correct sections","status":"passed","title":"should integrate new KPIs into correct sections","duration":2.390200000000277,"failureMessages":[],"meta":{}},{"ancestorTitles":["Module 5A: Dashboard Layout Engine","Edge Cases"],"fullName":"Module 5A: Dashboard Layout Engine Edge Cases should handle empty blueprint gracefully","status":"passed","title":"should handle empty blueprint gracefully","duration":1.1224999999999454,"failureMessages":[],"meta":{}},{"ancestorTitles":["Module 5A: Dashboard Layout Engine","Edge Cases"],"fullName":"Module 5A: Dashboard Layout Engine Edge Cases should handle large KPI sets (20+) without crashing","status":"passed","title":"should handle large KPI sets (20+) without crashing","duration":2.1384000000002743,"failureMessages":[],"meta":{}}],"startTime":1773814020507,"endTime":1773814020829.1384,"status":"passed","message":"","name":"C:/Projects/VistaraBI/vistarabi-landing/tests/module-5a/dashboard-layout.test.ts"},{"assertionResults":[{"ancestorTitles":["Module 5B ΓÇö Chart Selection Decision Tree","Time-Series Charts"],"fullName":"Module 5B ΓÇö Chart Selection Decision Tree Time-Series Charts single-series low volatility ΓåÆ line chart","status":"passed","title":"single-series low volatility ΓåÆ line chart","duration":9.306800000000067,"failureMessages":[],"meta":{}},{"ancestorTitles":["Module 5B ΓÇö Chart Selection Decision Tree","Time-Series Charts"],"fullName":"Module 5B ΓÇö Chart Selection Decision Tree Time-Series Charts single-series high volatility ΓåÆ area chart","status":"passed","title":"single-series high volatility ΓåÆ area chart","duration":1.25649999999996,"failureMessages":[],"meta":{}},{"ancestorTitles":["Module 5B ΓÇö Chart Selection Decision Tree","Time-Series Charts"],"fullName":"Module 5B ΓÇö Chart Selection Decision Tree Time-Series Charts 2-3 series ΓåÆ multi-line chart","status":"passed","title":"2-3 series ΓåÆ multi-line chart","duration":0.7683000000001812,"failureMessages":[],"meta":{}},{"ancestorTitles":["Module 5B ΓÇö Chart Selection Decision Tree","Time-Series Charts"],"fullName":"Module 5B ΓÇö Chart Selection Decision Tree Time-Series Charts 4-6 series ΓåÆ stacked area","status":"passed","title":"4-6 series ΓåÆ stacked area","duration":1.492100000000164,"failureMessages":[],"meta":{}},{"ancestorTitles":["Module 5B ΓÇö Chart Selection Decision Tree","Time-Series Charts"],"fullName":"Module 5B ΓÇö Chart Selection Decision Tree Time-Series Charts >6 series ΓåÆ heatmap","status":"passed","title":">6 series ΓåÆ heatmap","duration":0.9842999999998483,"failureMessages":[],"meta":{}},{"ancestorTitles":["Module 5B ΓÇö Chart Selection Decision Tree","Categorical Charts"],"fullName":"Module 5B ΓÇö Chart Selection Decision Tree Categorical Charts Γëñ5 categories ΓåÆ doughnut","status":"passed","title":"Γëñ5 categories ΓåÆ doughnut","duration":2.148400000000038,"failureMessages":[],"meta":{}},{"ancestorTitles":["Module 5B ΓÇö Chart Selection Decision Tree","Categorical Charts"],"fullName":"Module 5B ΓÇö Chart Selection Decision Tree Categorical Charts 5-10 categories ΓåÆ bar chart","status":"passed","title":"5-10 categories ΓåÆ bar chart","duration":0.9286999999999352,"failureMessages":[],"meta":{}},{"ancestorTitles":["Module 5B ΓÇö Chart Selection Decision Tree","Categorical Charts"],"fullName":"Module 5B ΓÇö Chart Selection Decision Tree Categorical Charts 10-20 categories ΓåÆ horizontal bar","status":"passed","title":"10-20 categories ΓåÆ horizontal bar","duration":0.815599999999904,"failureMessages":[],"meta":{}},{"ancestorTitles":["Module 5B ΓÇö Chart Selection Decision Tree","Categorical Charts"],"fullName":"Module 5B ΓÇö Chart Selection Decision Tree Categorical Charts 20-50 categories ΓåÆ treemap","status":"passed","title":"20-50 categories ΓåÆ treemap","duration":1.6688000000001466,"failureMessages":[],"meta":{}},{"ancestorTitles":["Module 5B ΓÇö Chart Selection Decision Tree","Categorical Charts"],"fullName":"Module 5B ΓÇö Chart Selection Decision Tree Categorical Charts >50 categories ΓåÆ table","status":"passed","title":">50 categories ΓåÆ table","duration":0.8840999999999894,"failureMessages":[],"meta":{}},{"ancestorTitles":["Module 5B ΓÇö Chart Selection Decision Tree","Hierarchical Charts"],"fullName":"Module 5B ΓÇö Chart Selection Decision Tree Hierarchical Charts depth ΓëÑ2 ΓåÆ treemap","status":"passed","title":"depth ΓëÑ2 ΓåÆ treemap","duration":0.6938999999999851,"failureMessages":[],"meta":{}},{"ancestorTitles":["Module 5B ΓÇö Chart Selection Decision Tree","Multi-Dimensional Charts"],"fullName":"Module 5B ΓÇö Chart Selection Decision Tree Multi-Dimensional Charts 3+ numeric dims ΓåÆ bubble","status":"passed","title":"3+ numeric dims ΓåÆ bubble","duration":0.6195000000000164,"failureMessages":[],"meta":{}},{"ancestorTitles":["Module 5B ΓÇö Chart Selection Decision Tree","Multi-Dimensional Charts"],"fullName":"Module 5B ΓÇö Chart Selection Decision Tree Multi-Dimensional Charts 2 numeric dims (no categories) ΓåÆ scatter","status":"passed","title":"2 numeric dims (no categories) ΓåÆ scatter","duration":0.511299999999892,"failureMessages":[],"meta":{}},{"ancestorTitles":["Module 5B ΓÇö Chart Selection Decision Tree","Distribution Charts"],"fullName":"Module 5B ΓÇö Chart Selection Decision Tree Distribution Charts skewed distribution ΓåÆ box_plot","status":"passed","title":"skewed distribution ΓåÆ box_plot","duration":0.5520999999998821,"failureMessages":[],"meta":{}},{"ancestorTitles":["Module 5B ΓÇö Chart Selection Decision Tree","Distribution Charts"],"fullName":"Module 5B ΓÇö Chart Selection Decision Tree Distribution Charts bimodal distribution ΓåÆ violin","status":"passed","title":"bimodal distribution ΓåÆ violin","duration":0.5339999999998781,"failureMessages":[],"meta":{}},{"ancestorTitles":["Module 5B ΓÇö Chart Selection Decision Tree","Default Fallback"],"fullName":"Module 5B ΓÇö Chart Selection Decision Tree Default Fallback no features ΓåÆ metric_card","status":"passed","title":"no features ΓåÆ metric_card","duration":0.5238000000001648,"failureMessages":[],"meta":{}},{"ancestorTitles":["Module 5B ΓÇö Chart Selection Decision Tree","Default Fallback"],"fullName":"Module 5B ΓÇö Chart Selection Decision Tree Default Fallback should always have a fallback type and library","status":"passed","title":"should always have a fallback type and library","duration":3.791500000000042,"failureMessages":[],"meta":{}},{"ancestorTitles":["Module 5B ΓÇö Chart Selection Decision Tree","Confidence Ordering"],"fullName":"Module 5B ΓÇö Chart Selection Decision Tree Confidence Ordering line chart should have highest confidence for clean time-series","status":"passed","title":"line chart should have highest confidence for clean time-series","duration":0.6644000000001142,"failureMessages":[],"meta":{}},{"ancestorTitles":["Module 5B ΓÇö Chart Selection Decision Tree","Confidence Ordering"],"fullName":"Module 5B ΓÇö Chart Selection Decision Tree Confidence Ordering heatmap should have lower confidence than single-series line","status":"passed","title":"heatmap should have lower confidence than single-series line","duration":0.5152000000000498,"failureMessages":[],"meta":{}}],"startTime":1773814021656,"endTime":1773814021690.5151,"status":"passed","message":"","name":"C:/Projects/VistaraBI/vistarabi-landing/tests/module-5b/chart-selection.test.ts"},{"assertionResults":[{"ancestorTitles":["Module 5B ΓÇö Cache Layer"],"fullName":"Module 5B ΓÇö Cache Layer should generate deterministic cache keys","status":"passed","title":"should generate deterministic cache keys","duration":297.94810000000007,"failureMessages":[],"meta":{}},{"ancestorTitles":["Module 5B ΓÇö Cache Layer"],"fullName":"Module 5B ΓÇö Cache Layer should return base key when no filters","status":"passed","title":"should return base key when no filters","duration":1.6103999999997995,"failureMessages":[],"meta":{}},{"ancestorTitles":["Module 5B ΓÇö Cache Layer"],"fullName":"Module 5B ΓÇö Cache Layer should store and retrieve cached results","status":"passed","title":"should store and retrieve cached results","duration":2.746399999999994,"failureMessages":[],"meta":{}},{"ancestorTitles":["Module 5B ΓÇö Cache Layer"],"fullName":"Module 5B ΓÇö Cache Layer should return null for cache miss","status":"passed","title":"should return null for cache miss","duration":1.6442999999999302,"failureMessages":[],"meta":{}},{"ancestorTitles":["Module 5B ΓÇö Cache Layer"],"fullName":"Module 5B ΓÇö Cache Layer should expire entries after TTL","status":"passed","title":"should expire entries after TTL","duration":66.0121999999999,"failureMessages":[],"meta":{}},{"ancestorTitles":["Module 5B ΓÇö Cache Layer"],"fullName":"Module 5B ΓÇö Cache Layer should invalidate by project prefix","status":"passed","title":"should invalidate by project prefix","duration":7.891699999999901,"failureMessages":[],"meta":{}},{"ancestorTitles":["Module 5B ΓÇö Cache Layer"],"fullName":"Module 5B ΓÇö Cache Layer should invalidate specific KPI","status":"passed","title":"should invalidate specific KPI","duration":2.9039000000000215,"failureMessages":[],"meta":{}},{"ancestorTitles":["Module 5B ΓÇö Cache Layer"],"fullName":"Module 5B ΓÇö Cache Layer should report cache statistics","status":"passed","title":"should report cache statistics","duration":1.8726000000001477,"failureMessages":[],"meta":{}},{"ancestorTitles":["Module 5B ΓÇö Cache Layer"],"fullName":"Module 5B ΓÇö Cache Layer should clear all caches","status":"passed","title":"should clear all caches","duration":2.7460000000000946,"failureMessages":[],"meta":{}},{"ancestorTitles":["Module 5B ΓÇö Data Profiler"],"fullName":"Module 5B ΓÇö Data Profiler should compute recordCount","status":"passed","title":"should compute recordCount","duration":215.55999999999995,"failureMessages":[],"meta":{}},{"ancestorTitles":["Module 5B ΓÇö Data Profiler"],"fullName":"Module 5B ΓÇö Data Profiler should compute uniqueCategoryCount","status":"passed","title":"should compute uniqueCategoryCount","duration":1.4539999999997235,"failureMessages":[],"meta":{}},{"ancestorTitles":["Module 5B ΓÇö Data Profiler"],"fullName":"Module 5B ΓÇö Data Profiler should detect time dimension from ISO date labels","status":"passed","title":"should detect time dimension from ISO date labels","duration":0.9427000000000589,"failureMessages":[],"meta":{}},{"ancestorTitles":["Module 5B ΓÇö Data Profiler"],"fullName":"Module 5B ΓÇö Data Profiler should not detect time dimension from non-date labels","status":"passed","title":"should not detect time dimension from non-date labels","duration":1.169499999999971,"failureMessages":[],"meta":{}},{"ancestorTitles":["Module 5B ΓÇö Data Profiler"],"fullName":"Module 5B ΓÇö Data Profiler should classify cardinality levels","status":"passed","title":"should classify cardinality levels","duration":0.6911999999997533,"failureMessages":[],"meta":{}},{"ancestorTitles":["Module 5B ΓÇö Data Profiler"],"fullName":"Module 5B ΓÇö Data Profiler should compute volatility index","status":"passed","title":"should compute volatility index","duration":1.2130999999999403,"failureMessages":[],"meta":{}},{"ancestorTitles":["Module 5B ΓÇö Data Profiler"],"fullName":"Module 5B ΓÇö Data Profiler should detect sequential change","status":"passed","title":"should detect sequential change","duration":0.6715999999996711,"failureMessages":[],"meta":{}},{"ancestorTitles":["Module 5B ΓÇö Data Profiler"],"fullName":"Module 5B ΓÇö Data Profiler should return all 10 profiling features","status":"passed","title":"should return all 10 profiling features","duration":3.3874000000000706,"failureMessages":[],"meta":{}},{"ancestorTitles":["Module 5B ΓÇö Data Profiler Edge Cases"],"fullName":"Module 5B ΓÇö Data Profiler Edge Cases should handle empty dataset","status":"passed","title":"should handle empty dataset","duration":1.311699999999746,"failureMessages":[],"meta":{}},{"ancestorTitles":["Module 5B ΓÇö Data Profiler Edge Cases"],"fullName":"Module 5B ΓÇö Data Profiler Edge Cases should handle single data point","status":"passed","title":"should handle single data point","duration":0.9416000000001077,"failureMessages":[],"meta":{}},{"ancestorTitles":["Module 5B ΓÇö Data Profiler Edge Cases"],"fullName":"Module 5B ΓÇö Data Profiler Edge Cases should detect right-skewed distribution (positive skewness)","status":"passed","title":"should detect right-skewed distribution (positive skewness)","duration":0.7112000000001899,"failureMessages":[],"meta":{}},{"ancestorTitles":["Module 5B ΓÇö Data Profiler Edge Cases"],"fullName":"Module 5B ΓÇö Data Profiler Edge Cases should detect left-skewed distribution (negative skewness)","status":"passed","title":"should detect left-skewed distribution (negative skewness)","duration":0.7696000000000822,"failureMessages":[],"meta":{}},{"ancestorTitles":["Module 5B ΓÇö Data Profiler Edge Cases"],"fullName":"Module 5B ΓÇö Data Profiler Edge Cases should report symmetric distribution (near-zero skewness)","status":"passed","title":"should report symmetric distribution (near-zero skewness)","duration":0.8812000000002627,"failureMessages":[],"meta":{}},{"ancestorTitles":["Module 5B ΓÇö Data Profiler Edge Cases"],"fullName":"Module 5B ΓÇö Data Profiler Edge Cases should detect hierarchical labels with separators","status":"passed","title":"should detect hierarchical labels with separators","duration":0.7968999999998232,"failureMessages":[],"meta":{}},{"ancestorTitles":["Module 5B ΓÇö Data Profiler Edge Cases"],"fullName":"Module 5B ΓÇö Data Profiler Edge Cases should classify high cardinality correctly","status":"passed","title":"should classify high cardinality correctly","duration":4.0318999999999505,"failureMessages":[],"meta":{}},{"ancestorTitles":["Module 5B ΓÇö Data Profiler Edge Cases"],"fullName":"Module 5B ΓÇö Data Profiler Edge Cases should detect multi-series from metadata","status":"passed","title":"should detect multi-series from metadata","duration":1.0421999999998661,"failureMessages":[],"meta":{}},{"ancestorTitles":["Module 5B ΓÇö Response Contract"],"fullName":"Module 5B ΓÇö Response Contract should define KPIExecutionResult shape","status":"passed","title":"should define KPIExecutionResult shape","duration":235.97130000000016,"failureMessages":[],"meta":{}}],"start
[...]
ö Tier 3 (CLOUD) ADVANCED_SYNTHESIS + cloud enabled ΓåÆ CLOUD, qwen-max","status":"passed","title":"ADVANCED_SYNTHESIS + cloud enabled ΓåÆ CLOUD, qwen-max","duration":1.2519999999999527,"failureMessages":[],"meta":{}},{"ancestorTitles":["model-router ΓÇö routeTask() ΓÇö Tier 3 (CLOUD)"],"fullName":"model-router ΓÇö routeTask() ΓÇö Tier 3 (CLOUD) STRATEGIC_SUMMARY + cloud enabled ΓåÆ CLOUD","status":"passed","title":"STRATEGIC_SUMMARY + cloud enabled ΓåÆ CLOUD","duration":0.7845000000002074,"failureMessages":[],"meta":{}},{"ancestorTitles":["model-router ΓÇö routeTask() ΓÇö Tier 3 (CLOUD)"],"fullName":"model-router ΓÇö routeTask() ΓÇö Tier 3 (CLOUD) ADVANCED_SYNTHESIS + cloud DISABLED ΓåÆ MODEL_UNAVAILABLE (no silent fallback)","status":"passed","title":"ADVANCED_SYNTHESIS + cloud DISABLED ΓåÆ MODEL_UNAVAILABLE (no silent fallback)","duration":1.6492000000000644,"failureMessages":[],"meta":{}},{"ancestorTitles":["model-router ΓÇö routeTask() ΓÇö Tier 3 (CLOUD)"],"fullName":"model-router ΓÇö routeTask() ΓÇö Tier 3 (CLOUD) STRATEGIC_SUMMARY + cloud DISABLED ΓåÆ MODEL_UNAVAILABLE","status":"passed","title":"STRATEGIC_SUMMARY + cloud DISABLED ΓåÆ MODEL_UNAVAILABLE","duration":1.0138999999999214,"failureMessages":[],"meta":{}},{"ancestorTitles":["model-router ΓÇö routeTask() ΓÇö Tier 3 (CLOUD)"],"fullName":"model-router ΓÇö routeTask() ΓÇö Tier 3 (CLOUD) MODEL_UNAVAILABLE never silently routes to local","status":"passed","title":"MODEL_UNAVAILABLE never silently routes to local","duration":0.6828000000000429,"failureMessages":[],"meta":{}},{"ancestorTitles":["model-router ΓÇö routeTask() ΓÇö UNSUPPORTED"],"fullName":"model-router ΓÇö routeTask() ΓÇö UNSUPPORTED UNSUPPORTED ΓåÆ rejected with UNSUPPORTED_TASK code","status":"passed","title":"UNSUPPORTED ΓåÆ rejected with UNSUPPORTED_TASK code","duration":0.7341000000001259,"failureMessages":[],"meta":{}}],"startTime":1773814025136,"endTime":1773814025158.7341,"status":"passed","message":"","name":"C:/Projects/VistaraBI/vistarabi-landing/tests/module6d/model-router.test.ts"},{"assertionResults":[{"ancestorTitles":["numeric-guard ΓÇö extractEvidenceNumbers()"],"fullName":"numeric-guard ΓÇö extractEvidenceNumbers() extracts pearson_r","status":"passed","title":"extracts pearson_r","duration":9.772300000000087,"failureMessages":[],"meta":{}},{"ancestorTitles":["numeric-guard ΓÇö extractEvidenceNumbers()"],"fullName":"numeric-guard ΓÇö extractEvidenceNumbers() extracts p_value","status":"passed","title":"extracts p_value","duration":1.570299999999861,"failureMessages":[],"meta":{}},{"ancestorTitles":["numeric-guard ΓÇö extractEvidenceNumbers()"],"fullName":"numeric-guard ΓÇö extractEvidenceNumbers() extracts n_observations","status":"passed","title":"extracts n_observations","duration":1.2351000000001022,"failureMessages":[],"meta":{}},{"ancestorTitles":["numeric-guard ΓÇö extractEvidenceNumbers()"],"fullName":"numeric-guard ΓÇö extractEvidenceNumbers() negative r ΓåÆ includes both signed and absolute value","status":"passed","title":"negative r ΓåÆ includes both signed and absolute value","duration":2.9069999999999254,"failureMessages":[],"meta":{}},{"ancestorTitles":["numeric-guard ΓÇö matchesEvidence()"],"fullName":"numeric-guard ΓÇö matchesEvidence() exact match ΓåÆ true","status":"passed","title":"exact match ΓåÆ true","duration":2.1551999999999225,"failureMessages":[],"meta":{}},{"ancestorTitles":["numeric-guard ΓÇö matchesEvidence()"],"fullName":"numeric-guard ΓÇö matchesEvidence() within float tolerance ΓåÆ true","status":"passed","title":"within float tolerance ΓåÆ true","duration":1.0253000000000156,"failureMessages":[],"meta":{}},{"ancestorTitles":["numeric-guard ΓÇö matchesEvidence()"],"fullName":"numeric-guard ΓÇö matchesEvidence() invented value ΓåÆ false","status":"passed","title":"invented value ΓåÆ false","duration":1.4438000000000102,"failureMessages":[],"meta":{}},{"ancestorTitles":["numeric-guard ΓÇö matchesEvidence()"],"fullName":"numeric-guard ΓÇö matchesEvidence() invented integer ΓåÆ false","status":"passed","title":"invented integer ΓåÆ false","duration":1.2795000000000982,"failureMessages":[],"meta":{}},{"ancestorTitles":["numeric-guard ΓÇö validateNumericClaims()"],"fullName":"numeric-guard ΓÇö validateNumericClaims() no numbers in text ΓåÆ valid","status":"passed","title":"no numbers in text ΓåÆ valid","duration":2.588600000000042,"failureMessages":[],"meta":{}},{"ancestorTitles":["numeric-guard ΓÇö validateNumericClaims()"],"fullName":"numeric-guard ΓÇö validateNumericClaims() valid r citation ΓåÆ valid","status":"passed","title":"valid r citation ΓåÆ valid","duration":1.4985999999998967,"failureMessages":[],"meta":{}},{"ancestorTitles":["numeric-guard ΓÇö validateNumericClaims()"],"fullName":"numeric-guard ΓÇö validateNumericClaims() valid n_observations citation ΓåÆ valid","status":"passed","title":"valid n_observations citation ΓåÆ valid","duration":0.6965999999999894,"failureMessages":[],"meta":{}},{"ancestorTitles":["numeric-guard ΓÇö validateNumericClaims()"],"fullName":"numeric-guard ΓÇö validateNumericClaims() invented r ΓåÆ suppressed","status":"passed","title":"invented r ΓåÆ suppressed","duration":7.973100000000159,"failureMessages":[],"meta":{}},{"ancestorTitles":["numeric-guard ΓÇö validateNumericClaims()"],"fullName":"numeric-guard ΓÇö validateNumericClaims() invented n ΓåÆ suppressed","status":"passed","title":"invented n ΓåÆ suppressed","duration":0.7273999999999887,"failureMessages":[],"meta":{}},{"ancestorTitles":["numeric-guard ΓÇö validateNumericClaims()"],"fullName":"numeric-guard ΓÇö validateNumericClaims() mix of valid + invented ΓåÆ suppressed (zero tolerance)","status":"passed","title":"mix of valid + invented ΓåÆ suppressed (zero tolerance)","duration":4.692399999999907,"failureMessages":[],"meta":{}},{"ancestorTitles":["numeric-guard ΓÇö validateNumericClaims()"],"fullName":"numeric-guard ΓÇö validateNumericClaims() suppression message is standardized","status":"passed","title":"suppression message is standardized","duration":0.766399999999976,"failureMessages":[],"meta":{}},{"ancestorTitles":["numeric-guard ΓÇö validateNumericClaims()"],"fullName":"numeric-guard ΓÇö validateNumericClaims() same policy for evidence from CorrelationEvidencePacket or EventEvidencePacket shape","status":"passed","title":"same policy for evidence from CorrelationEvidencePacket or EventEvidencePacket shape","duration":0.8886999999999716,"failureMessages":[],"meta":{}}],"startTime":1773814024484,"endTime":1773814024528.8887,"status":"passed","message":"","name":"C:/Projects/VistaraBI/vistarabi-landing/tests/module6d/numeric-guard.test.ts"},{"assertionResults":[{"ancestorTitles":["pipeline ΓÇö handleReasoningQuery() Tier-2 (LOCAL)"],"fullName":"pipeline ΓÇö handleReasoningQuery() Tier-2 (LOCAL) CORRELATION_EXPLANATION + valid narration ΓåÆ success","status":"passed","title":"CORRELATION_EXPLANATION + valid narration ΓåÆ success","duration":16.185799999999745,"failureMessages":[],"meta":{}},{"ancestorTitles":["pipeline ΓÇö handleReasoningQuery() Tier-2 (LOCAL)"],"fullName":"pipeline ΓÇö handleReasoningQuery() Tier-2 (LOCAL) valid narration ΓåÆ modelMetadata present with correct model ID","status":"passed","title":"valid narration ΓåÆ modelMetadata present with correct model ID","duration":9.282900000000154,"failureMessages":[],"meta":{}},{"ancestorTitles":["pipeline ΓÇö handleReasoningQuery() Tier-2 (LOCAL)"],"fullName":"pipeline ΓÇö handleReasoningQuery() Tier-2 (LOCAL) hallucinated output ΓåÆ suppressed","status":"passed","title":"hallucinated output ΓåÆ suppressed","duration":2.6849999999999454,"failureMessages":[],"meta":{}},{"ancestorTitles":["pipeline ΓÇö handleReasoningQuery() Tier-2 (LOCAL)"],"fullName":"pipeline ΓÇö handleReasoningQuery() Tier-2 (LOCAL) UNSUPPORTED task type ΓåÆ rejected immediately","status":"passed","title":"UNSUPPORTED task type ΓåÆ rejected immediately","duration":3.784099999999853,"failureMessages":[],"meta":{}},{"ancestorTitles":["pipeline ΓÇö handleReasoningQuery() Tier-2 (LOCAL)"],"fullName":"pipeline ΓÇö handleReasoningQuery() Tier-2 (LOCAL) LOCAL_TIMEOUT ΓåÆ timeout status (recoverable)","status":"passed","title":"LOCAL_TIMEOUT ΓåÆ timeout status (recoverable)","duration":2.632799999999861,"failureMessages":[],"meta":{}},{"ancestorTitles":["pipeline ΓÇö handleReasoningQuery() Tier-2 (LOCAL)"],"fullName":"pipeline ΓÇö handleReasoningQuery() Tier-2 (LOCAL) audit record written on success","status":"passed","title":"audit record written on success","duration":2.417199999999866,"failureMessages":[],"meta":{}},{"ancestorTitles":["pipeline ΓÇö handleReasoningQuery() Tier-2 (LOCAL)"],"fullName":"pipeline ΓÇö handleReasoningQuery() Tier-2 (LOCAL) audit record written even on failure (unconditional)","status":"passed","title":"audit record written even on failure (unconditional)","duration":1.7356999999997242,"failureMessages":[],"meta":{}},{"ancestorTitles":["pipeline ΓÇö handleReasoningQuery() Tier-3 (CLOUD)"],"fullName":"pipeline ΓÇö handleReasoningQuery() Tier-3 (CLOUD) ADVANCED_SYNTHESIS + cloud enabled ΓåÆ callCloudModel","status":"passed","title":"ADVANCED_SYNTHESIS + cloud enabled ΓåÆ callCloudModel","duration":2.915599999999813,"failureMessages":[],"meta":{}},{"ancestorTitles":["pipeline ΓÇö handleReasoningQuery() Tier-3 (CLOUD)"],"fullName":"pipeline ΓÇö handleReasoningQuery() Tier-3 (CLOUD) ADVANCED_SYNTHESIS + cloud disabled ΓåÆ rejected (MODEL_UNAVAILABLE), never calls cloud","status":"passed","title":"ADVANCED_SYNTHESIS + cloud disabled ΓåÆ rejected (MODEL_UNAVAILABLE), never calls cloud","duration":2.231199999999717,"failureMessages":[],"meta":{}},{"ancestorTitles":["pipeline ΓÇö handleReasoningQuery() Tier-3 (CLOUD)"],"fullName":"pipeline ΓÇö handleReasoningQuery() Tier-3 (CLOUD) CLOUD_TIMEOUT ΓåÆ timeout status","status":"passed","title":"CLOUD_TIMEOUT ΓåÆ timeout status","duration":2.5034999999998035,"failureMessages":[],"meta":{}}],"startTime":1773814022520,"endTime":1773814022569.5034,"status":"passed","message":"","name":"C:/Projects/VistaraBI/vistarabi-landing/tests/module6d/pipeline.test.ts"},{"assertionResults":[{"ancestorTitles":["prompt-builder ΓÇö sanitizeUserQuery()"],"fullName":"prompt-builder ΓÇö sanitizeUserQuery() clean query ΓåÆ unchanged (modulo whitespace)","status":"passed","title":"clean query ΓåÆ unchanged (modulo whitespace)","duration":10.626400000000103,"failureMessages":[],"meta":{}},{"ancestorTitles":["prompt-builder ΓÇö sanitizeUserQuery()"],"fullName":"prompt-builder ΓÇö sanitizeUserQuery() SQL SELECT ΓåÆ stripped","status":"passed","title":"SQL SELECT ΓåÆ stripped","duration":4.900499999999965,"failureMessages":[],"meta":{}},{"ancestorTitles":["prompt-builder ΓÇö sanitizeUserQuery()"],"fullName":"prompt-builder ΓÇö sanitizeUserQuery() SQL DROP ΓåÆ stripped","status":"passed","title":"SQL DROP ΓåÆ stripped","duration":1.0026000000000295,"failureMessages":[],"meta":{}},{"ancestorTitles":["prompt-builder ΓÇö sanitizeUserQuery()"],"fullName":"prompt-builder ΓÇö sanitizeUserQuery() SQL line comment ΓåÆ stripped","status":"passed","title":"SQL line comment ΓåÆ stripped","duration":1.358699999999999,"failureMessages":[],"meta":{}},{"ancestorTitles":["prompt-builder ΓÇö sanitizeUserQuery()"],"fullName":"prompt-builder ΓÇö sanitizeUserQuery() SQL block comment ΓåÆ stripped","status":"passed","title":"SQL block comment ΓåÆ stripped","duration":1.0900000000001455,"failureMessages":[],"meta":{}},{"ancestorTitles":["prompt-builder ΓÇö sanitizeUserQuery()"],"fullName":"prompt-builder ΓÇö sanitizeUserQuery() <script> tag ΓåÆ stripped","status":"passed","title":"<script> tag ΓåÆ stripped","duration":0.7264000000000124,"failureMessages":[],"meta":{}},{"ancestorTitles":["prompt-builder ΓÇö sanitizeUserQuery()"],"fullName":"prompt-builder ΓÇö sanitizeUserQuery() prompt injection ΓåÆ stripped","status":"passed","title":"prompt injection ΓåÆ stripped","duration":1.1722999999999502,"failureMessages":[],"meta":{}},{"ancestorTitles":["prompt-builder ΓÇö sanitizeUserQuery()"],"fullName":"prompt-builder ΓÇö sanitizeUserQuery() repeated newlines ΓåÆ collapsed","status":"passed","title":"repeated newlines ΓåÆ collapsed","duration":1.4262999999998556,"failureMessages":[],"meta":{}},{"ancestorTitles":["prompt-builder ΓÇö sanitizeUserQuery()"],"fullName":"prompt-builder ΓÇö sanitizeUserQuery() empty string ΓåÆ empty string","status":"passed","title":"empty string ΓåÆ empty string","duration":1.802900000000136,"failureMessages":[],"meta":{}},{"ancestorTitles":["prompt-builder ΓÇö sanitizeUserQuery()"],"fullName":"prompt-builder ΓÇö sanitizeUserQuery() query longer than MAX_QUERY_LENGTH ΓåÆ truncated","status":"passed","title":"query longer than MAX_QUERY_LENGTH ΓåÆ truncated","duration":1.2472000000000207,"failureMessages":[],"meta":{}},{"ancestorTitles":["prompt-builder ΓÇö buildReasoningPrompt()"],"fullName":"prompt-builder ΓÇö buildReasoningPrompt() returns systemPrompt, userMessage, sanitizedQuery","status":"passed","title":"returns systemPrompt, userMessage, sanitizedQuery","duration":1.4835000000000491,"failureMessages":[],"meta":{}},{"ancestorTitles":["prompt-builder ΓÇö buildReasoningPrompt()"],"fullName":"prompt-builder ΓÇö buildReasoningPrompt() systemPrompt differs by task type","status":"passed","title":"systemPrompt differs by task type","duration":3.5669000000000324,"failureMessages":[],"meta":{}},{"ancestorTitles":["prompt-builder ΓÇö buildReasoningPrompt()"],"fullName":"prompt-builder ΓÇö buildReasoningPrompt() userMessage contains traceable_fields JSON","status":"passed","title":"userMessage contains traceable_fields JSON","duration":0.8457000000000789,"failureMessages":[],"meta":{}},{"ancestorTitles":["prompt-builder ΓÇö buildReasoningPrompt()"],"fullName":"prompt-builder ΓÇö buildReasoningPrompt() userMessage does NOT contain raw dataset arrays","status":"passed","title":"userMessage does NOT contain raw dataset arrays","duration":0.790599999999813,"failureMessages":[],"meta":{}},{"ancestorTitles":["prompt-builder ΓÇö buildReasoningPrompt()"],"fullName":"prompt-builder ΓÇö buildReasoningPrompt() sanitized query embedded in user message","status":"passed","title":"sanitized query embedded in user message","duration":0.7391000000000076,"failureMessages":[],"meta":{}},{"ancestorTitles":["prompt-builder ΓÇö buildReasoningPrompt()"],"fullName":"prompt-builder ΓÇö buildReasoningPrompt() CORRELATION_EXPLANATION prompt contains anti-causation rule","status":"passed","title":"CORRELATION_EXPLANATION prompt contains anti-causation rule","duration":0.5912000000000717,"failureMessages":[],"meta":{}},{"ancestorTitles":["prompt-builder ΓÇö buildReasoningPrompt()"],"fullName":"prompt-builder ΓÇö buildReasoningPrompt() STRATEGIC_SUMMARY system prompt differs from CORRELATION_EXPLANATION","status":"passed","title":"STRATEGIC_SUMMARY system prompt differs from CORRELATION_EXPLANATION","duration":2.7374999999999545,"failureMessages":[],"meta":{}}],"startTime":1773814022503,"endTime":1773814022541.7375,"status":"passed","message":"","name":"C:/Projects/VistaraBI/vistarabi-landing/tests/module6d/prompt-builder.test.ts"},{"assertionResults":[{"ancestorTitles":["task-classifier ΓÇö classifyReasoningTask()"],"fullName":"task-classifier ΓÇö classifyReasoningTask() INTENT_TRANSLATION ΓåÆ valid","status":"passed","title":"INTENT_TRANSLATION ΓåÆ valid","duration":6.529999999999973,"failureMessages":[],"meta":{}},{"ancestorTitles":["task-classifier ΓÇö classifyReasoningTask()"],"fullName":"task-classifier ΓÇö classifyReasoningTask() EVENT_NARRATION ΓåÆ valid","status":"passed","title":"EVENT_NARRATION ΓåÆ valid","duration":1.2114999999998872,"failureMessages":[],"meta":{}},{"ancestorTitles":["task-classifier ΓÇö classifyReasoningTask()"],"fullName":"task-classifier ΓÇö classifyReasoningTask() CORRELATION_EXPLANATION ΓåÆ valid","status":"passed","title":"CORRELATION_EXPLANATION ΓåÆ valid","duration":0.694400000000087,"failureMessages":[],"meta":{}},{"ancestorTitles":["task-classifier ΓÇö classifyReasoningTask()"],"fullName":"task-classifier ΓÇö classifyReasoningTask() STRATEGIC_SUMMARY ΓåÆ valid","status":"passed","title":"STRATEGIC_SUMMARY ΓåÆ valid","duration":1.2897999999997865,"failureMessages":[],"meta":{}},{"ancestorTitles":["task-classifier ΓÇö classifyReasoningTask()"],"fullName":"task-classifier ΓÇö classifyReasoningTask() ADVANCED_SYNTHESIS with hasMultipleKPIs ΓåÆ valid","status":"passed","title":"ADVANCED_SYNTHESIS with hasMultipleKPIs ΓåÆ valid","duration":0.671100000000024,"failureMessages":[],"meta":{}},{"ancestorTitles":["task-classifier ΓÇö classifyReasoningTask()"],"fullName":"task-classifier ΓÇö classifyReasoningTask() ADVANCED_SYNTHESIS without hasMultipleKPIs ΓåÆ UNSUPPORTED","status":"passed","title":"ADVANCED_SYNTHESIS without hasMultipleKPIs ΓåÆ UNSUPPORTED","duration":0.44839999999999236,"failureMessages":[],"meta":{}},{"ancestorTitles":["task-classifier ΓÇö classifyReasoningTask()"],"fullName":"task-classifier ΓÇö classifyReasoningTask() ADVANCED_SYNTHESIS with hasMultipleKPIs=false ΓåÆ UNSUPPORTED","status":"passed","title":"ADVANCED_SYNTHESIS with hasMultipleKPIs=false ΓåÆ UNSUPPORTED","duration":0.7393999999999323,"failureMessages":[],"meta":{}},{"ancestorTitles":["task-classifier ΓÇö classifyReasoningTask()"],"fullName":"task-classifier ΓÇö classifyReasoningTask() lowercase input is normalized ΓåÆ valid","status":"passed","title":"lowercase input is normalized ΓåÆ valid","duration":0.5152999999997974,"failureMessages":[],"meta":{}},{"ancestorTitles":["task-classifier ΓÇö classifyReasoningTask()"],"fullName":"task-classifier ΓÇö classifyReasoningTask() unknown type ΓåÆ UNSUPPORTED","status":"passed","title":"unknown type ΓåÆ UNSUPPORTED","duration":1.386199999999917,"failureMessages":[],"meta":{}},{"ancestorTitles":["task-classifier ΓÇö classifyReasoningTask()"],"fullName":"task-classifier ΓÇö classifyReasoningTask() null ΓåÆ UNSUPPORTED","status":"passed","title":"null ΓåÆ UNSUPPORTED","duration":0.6457000000000335,"failureMessages":[],"meta":{}},{"ancestorTitles":["task-classifier ΓÇö classifyReasoningTask()"],"fullName":"task-classifier ΓÇö classifyReasoningTask() undefined ΓåÆ UNSUPPORTED","status":"passed","title":"undefined ΓåÆ UNSUPPORTED","duration":0.6358000000000175,"failureMessages":[],"meta":{}},{"ancestorTitles":["task-classifier ΓÇö classifyReasoningTask()"],"fullName":"task-classifier ΓÇö classifyReasoningTask() empty string ΓåÆ UNSUPPORTED","status":"passed","title":"empty string ΓåÆ UNSUPPORTED","duration":0.3583000000000993,"failureMessages":[],"meta":{}},{"ancestorTitles":["task-classifier ΓÇö classifyReasoningTask()"],"fullName":"task-classifier ΓÇö classifyReasoningTask() free-form question ΓåÆ UNSUPPORTED","status":"passed","title":"free-form question ΓåÆ UNSUPPORTED","duration":0.462099999999964,"failureMessages":[],"meta":{}},{"ancestorTitles":["task-classifier ΓÇö getUnsupportedReasoningMessage()"],"fullName":"task-classifier ΓÇö getUnsupportedReasoningMessage() null ΓåÆ generic no-type message","status":"passed","title":"null ΓåÆ generic no-type message","duration":0.8973999999998341,"failureMessages":[],"meta":{}},{"ancestorTitles":["task-classifier ΓÇö getUnsupportedReasoningMessage()"],"fullName":"task-classifier ΓÇö getUnsupportedReasoningMessage() ADVANCED_SYNTHESIS without context ΓåÆ multi-KPI requirement message","status":"passed","title":"ADVANCED_SYNTHESIS without context ΓåÆ multi-KPI requirement message","duration":0.38249999999993634,"failureMessages":[],"meta":{}},{"ancestorTitles":["task-classifier ΓÇö getUnsupportedReasoningMessage()"],"fullName":"task-classifier ΓÇö getUnsupportedReasoningMessage() unknown type ΓåÆ mentions supported types","status":"passed","title":"unknown type ΓåÆ mentions supported types","duration":0.49500000000011823,"failureMessages":[],"meta":{}}],"startTime":1773814025894,"endTime":1773814025913.495,"status":"passed","message":"","name":"C:/Projects/VistaraBI/vistarabi-landing/tests/module6d/task-classifier.test.ts"}]}
